Log file open, 04/29/24 23:59:57
LogWindows: Failed to load 'aqProf.dll' (GetLastError=126)
LogWindows: File 'aqProf.dll' does not exist
LogWindows: Failed to load 'VtuneApi.dll' (GetLastError=126)
LogWindows: File 'VtuneApi.dll' does not exist
LogWindows: Failed to load 'VtuneApi32e.dll' (GetLastError=126)
LogWindows: File 'VtuneApi32e.dll' does not exist
LogConsoleResponse: Display: Failed to find resolution value strings in scalability ini. Falling back to default.
LogConsoleResponse: Display: Failed to find resolution value strings in scalability ini. Falling back to default.
LogInit: Display: Running engine for game: EngGame
LogPlatformFile: Not using cached read wrapper
LogTaskGraph: Started task graph with 5 named threads and 14 total threads with 3 sets of task threads.
LogStats: Stats thread started at 0.261173
LogICUInternationalization: ICU TimeZone Detection - Raw Offset: +3:00, Platform Override: ''
LogInit: Display: Loading text-based GConfig....
LogPluginManager: Mounting plugin MeshPainting
LogPluginManager: Mounting plugin XGEController
LogPluginManager: Mounting plugin Paper2D
LogPluginManager: Mounting plugin LiveLink
LogPluginManager: Mounting plugin AISupport
LogPluginManager: Mounting plugin EnvironmentQueryEditor
LogPluginManager: Mounting plugin LightPropagationVolume
LogPluginManager: Mounting plugin CameraShakePreviewer
LogPluginManager: Mounting plugin GameplayCameras
LogPluginManager: Mounting plugin OodleData
LogPluginManager: Mounting plugin OodleNetwork
LogPluginManager: Mounting plugin AnimationSharing
LogPluginManager: Mounting plugin CodeLiteSourceCodeAccess
LogPluginManager: Mounting plugin CLionSourceCodeAccess
LogPluginManager: Mounting plugin GitSourceControl
LogPluginManager: Mounting plugin KDevelopSourceCodeAccess
LogPluginManager: Mounting plugin NullSourceCodeAccess
LogPluginManager: Mounting plugin PerforceSourceControl
LogPluginManager: Mounting plugin PixWinPlugin
LogPluginManager: Mounting plugin PlasticSourceControl
LogPluginManager: Mounting plugin PluginUtils
LogPluginManager: Mounting plugin PropertyAccessNode
LogPluginManager: Mounting plugin RiderSourceCodeAccess
LogPluginManager: Mounting plugin SubversionSourceControl
LogPluginManager: Mounting plugin TextureFormatOodle
LogPluginManager: Mounting plugin UObjectPlugin
LogPluginManager: Mounting plugin AssetManagerEditor
LogPluginManager: Mounting plugin CryptoKeys
LogPluginManager: Mounting plugin CurveEditorTools
LogPluginManager: Mounting plugin DataValidation
LogPluginManager: Mounting plugin FacialAnimation
LogPluginManager: Mounting plugin GameplayTagsEditor
LogPluginManager: Mounting plugin GeometryMode
LogPluginManager: Mounting plugin VisualStudioCodeSourceCodeAccess
LogPluginManager: Mounting plugin MacGraphicsSwitching
LogPluginManager: Mounting plugin VisualStudioSourceCodeAccess
LogPluginManager: Mounting plugin MaterialAnalyzer
LogPluginManager: Mounting plugin XCodeSourceCodeAccess
LogPluginManager: Mounting plugin MobileLauncherProfileWizard
LogPluginManager: Mounting plugin PluginBrowser
LogPluginManager: Mounting plugin SpeedTreeImporter
LogPluginManager: Mounting plugin DatasmithContent
LogPluginManager: Mounting plugin VariantManagerContent
LogPluginManager: Mounting plugin Niagara
LogPluginManager: Mounting plugin LuminPlatformFeatures
LogPluginManager: Mounting plugin MagicLeap
LogPluginManager: Mounting plugin MagicLeapLightEstimation
LogPluginManager: Mounting plugin MagicLeapMedia
LogPluginManager: Mounting plugin MagicLeapPassableWorld
LogPluginManager: Mounting plugin MLSDK
LogPluginManager: Mounting plugin AndroidMedia
LogPluginManager: Mounting plugin AvfMedia
LogPluginManager: Mounting plugin ImgMedia
LogPluginManager: Mounting plugin MediaCompositing
LogPluginManager: Mounting plugin MediaPlayerEditor
LogPluginManager: Mounting plugin WebMMedia
LogPluginManager: Mounting plugin WmfMedia
LogPluginManager: Mounting plugin TcpMessaging
LogPluginManager: Mounting plugin UdpMessaging
LogPluginManager: Mounting plugin ActorSequence
LogPluginManager: Mounting plugin LevelSequenceEditor
LogPluginManager: Mounting plugin MatineeToLevelSequence
LogPluginManager: Mounting plugin TemplateSequence
LogPluginManager: Mounting plugin OnlineSubsystem
LogPluginManager: Mounting plugin OnlineSubsystemNull
LogPluginManager: Mounting plugin OnlineSubsystemUtils
LogPluginManager: Mounting plugin LauncherChunkInstaller
LogPluginManager: Mounting plugin ActorLayerUtilities
LogPluginManager: Mounting plugin AndroidMoviePlayer
LogPluginManager: Mounting plugin AndroidDeviceProfileSelector
LogPluginManager: Mounting plugin AndroidPermission
LogPluginManager: Mounting plugin AppleImageUtils
LogPluginManager: Mounting plugin AppleMoviePlayer
LogPluginManager: Mounting plugin ArchVisCharacter
LogPluginManager: Mounting plugin AssetTags
LogPluginManager: Mounting plugin AudioCapture
LogPluginManager: Mounting plugin AudioSynesthesia
LogPluginManager: Mounting plugin CableComponent
LogPluginManager: Mounting plugin ChunkDownloader
LogPluginManager: Mounting plugin CustomMeshComponent
LogPluginManager: Mounting plugin EditableMesh
LogPluginManager: Mounting plugin ExampleDeviceProfileSelector
LogPluginManager: Mounting plugin GoogleCloudMessaging
LogPluginManager: Mounting plugin GooglePAD
LogPluginManager: Mounting plugin IOSDeviceProfileSelector
LogPluginManager: Mounting plugin LinuxDeviceProfileSelector
LogPluginManager: Mounting plugin LocationServicesBPLibrary
LogPluginManager: Mounting plugin MobilePatchingUtils
LogPluginManager: Mounting plugin OpenXR
LogPluginManager: Mounting plugin OpenXREyeTracker
LogPluginManager: Mounting plugin OpenXRHandTracking
LogPluginManager: Mounting plugin PhysXVehicles
LogPluginManager: Mounting plugin PostSplashScreen
LogPluginManager: Mounting plugin ProceduralMeshComponent
LogPluginManager: Mounting plugin PropertyAccessEditor
LogPluginManager: Mounting plugin RuntimePhysXCooking
LogPluginManager: Mounting plugin SignificanceManager
LogPluginManager: Mounting plugin SoundFields
LogPluginManager: Mounting plugin Synthesis
LogPluginManager: Mounting plugin WebMMoviePlayer
LogPluginManager: Mounting plugin WindowsMoviePlayer
LogPluginManager: Mounting plugin ScreenshotTools
LogPluginManager: Mounting plugin AlembicImporter
LogPluginManager: Mounting plugin AutomationUtils
LogPluginManager: Mounting plugin BackChannel
LogPluginManager: Mounting plugin ChaosCloth
LogPluginManager: Mounting plugin ChaosClothEditor
LogPluginManager: Mounting plugin ChaosEditor
LogPluginManager: Mounting plugin ChaosNiagara
LogPluginManager: Mounting plugin ChaosSolverPlugin
LogPluginManager: Mounting plugin CharacterAI
LogPluginManager: Mounting plugin GeometryCache
LogPluginManager: Mounting plugin GeometryCollectionPlugin
LogPluginManager: Mounting plugin Takes
LogPluginManager: Mounting plugin GeometryProcessing
LogPluginManager: Mounting plugin MotoSynth
LogPluginManager: Mounting plugin OpenImageDenoise
LogPluginManager: Mounting plugin PlatformCrypto
LogPluginManager: Mounting plugin PlanarCut
LogPluginManager: Mounting plugin ProxyLODPlugin
LogPluginManager: Mounting plugin PythonScriptPlugin
LogPluginManager: Mounting plugin SkeletalReduction
LogPluginManager: Mounting plugin ContentBrowserAssetDataSource
LogPluginManager: Mounting plugin ContentBrowserClassDataSource
LogPluginManager: Mounting plugin ContentBrowserFileDataSource
LogPluginManager: Mounting plugin OnlineSubsystemGooglePlay
LogPluginManager: Mounting plugin OnlineSubsystemIOS
LogPluginManager: Mounting plugin OculusVR
LogPluginManager: Mounting plugin SteamVR
PixWinPlugin: PIX capture plugin failed to initialize! Check that the process is launched from PIX.
LogInit: Using libcurl 7.55.1-DEV
LogInit:  - built for x86_64-pc-win32
LogInit:  - supports SSL with OpenSSL/1.1.1
LogInit:  - supports HTTP deflate (compression) using libz 1.2.8
LogInit:  - other features:
LogInit:      CURL_VERSION_SSL
LogInit:      CURL_VERSION_LIBZ
LogInit:      CURL_VERSION_IPV6
LogInit:      CURL_VERSION_ASYNCHDNS
LogInit:      CURL_VERSION_LARGEFILE
LogInit:      CURL_VERSION_IDN
LogInit:  CurlRequestOptions (configurable via config and command line):
LogInit:  - bVerifyPeer = true  - Libcurl will verify peer certificate
LogInit:  - bUseHttpProxy = false  - Libcurl will NOT use HTTP proxy
LogInit:  - bDontReuseConnections = false  - Libcurl will reuse connections
LogInit:  - MaxHostConnections = 16  - Libcurl will limit the number of connections to a host
LogInit:  - LocalHostAddr = Default
LogInit:  - BufferSize = 65536
LogOnline: OSS: Creating online subsystem instance for: NULL
LogInit: WinSock: version 1.1 (2.2), MaxSocks=32767, MaxUdp=65467
LogOnline: OSS: TryLoadSubsystemAndSetDefault: Loaded subsystem for module [NULL]
LogOculusPluginWrapper: OculusPlugin initialized successfully
LogHMD: Failed initializing OVRPlugin 1.59.0
LogInit: Build: ++UE4+Release-4.27-CL-18319896
LogInit: Engine Version: 4.27.2-18319896+++UE4+Release-4.27
LogInit: Compatible Engine Version: 4.27.0-17155196+++UE4+Release-4.27
LogInit: Net CL: 17155196
LogInit: OS: Windows 10 (Release 2009) (), CPU: Intel(R) Core(TM) i5-6500 CPU @ 3.20GHz, GPU: NVIDIA GeForce GTX 1050 Ti
LogInit: Compiled (64-bit): Nov 30 2021 07:12:08
LogInit: Compiled with Visual C++: 19.24.28315.00
LogInit: Build Configuration: Development
LogInit: Branch Name: ++UE4+Release-4.27
LogInit: Command Line: 
LogInit: Base Directory: E:/Program Files/Epic Games/UE_4.27/Engine/Binaries/Win64/
LogInit: Allocator: TBB
LogInit: Installed Engine Build: 1
LogDevObjectVersion: Number of dev versions registered: 29
LogDevObjectVersion:   Dev-Blueprints (B0D832E4-1F89-4F0D-ACCF-7EB736FD4AA2): 10
LogDevObjectVersion:   Dev-Build (E1C64328-A22C-4D53-A36C-8E866417BD8C): 0
LogDevObjectVersion:   Dev-Core (375EC13C-06E4-48FB-B500-84F0262A717E): 4
LogDevObjectVersion:   Dev-Editor (E4B068ED-F494-42E9-A231-DA0B2E46BB41): 40
LogDevObjectVersion:   Dev-Framework (CFFC743F-43B0-4480-9391-14DF171D2073): 37
LogDevObjectVersion:   Dev-Mobile (B02B49B5-BB20-44E9-A304-32B752E40360): 3
LogDevObjectVersion:   Dev-Networking (A4E4105C-59A1-49B5-A7C5-40C4547EDFEE): 0
LogDevObjectVersion:   Dev-Online (39C831C9-5AE6-47DC-9A44-9C173E1C8E7C): 0
LogDevObjectVersion:   Dev-Physics (78F01B33-EBEA-4F98-B9B4-84EACCB95AA2): 14
LogDevObjectVersion:   Dev-Platform (6631380F-2D4D-43E0-8009-CF276956A95A): 0
LogDevObjectVersion:   Dev-Rendering (12F88B9F-8875-4AFC-A67C-D90C383ABD29): 45
LogDevObjectVersion:   Dev-Sequencer (7B5AE74C-D270-4C10-A958-57980B212A5A): 13
LogDevObjectVersion:   Dev-VR (D7296918-1DD6-4BDD-9DE2-64A83CC13884): 3
LogDevObjectVersion:   Dev-LoadTimes (C2A15278-BFE7-4AFE-6C17-90FF531DF755): 1
LogDevObjectVersion:   Private-Geometry (6EACA3D4-40EC-4CC1-B786-8BED09428FC5): 3
LogDevObjectVersion:   Dev-AnimPhys (29E575DD-E0A3-4627-9D10-D276232CDCEA): 17
LogDevObjectVersion:   Dev-Anim (AF43A65D-7FD3-4947-9873-3E8ED9C1BB05): 15
LogDevObjectVersion:   Dev-ReflectionCapture (6B266CEC-1EC7-4B8F-A30B-E4D90942FC07): 1
LogDevObjectVersion:   Dev-Automation (0DF73D61-A23F-47EA-B727-89E90C41499A): 1
LogDevObjectVersion:   FortniteMain (601D1886-AC64-4F84-AA16-D3DE0DEAC7D6): 47
LogDevObjectVersion:   FortniteRelease (E7086368-6B23-4C58-8439-1B7016265E91): 1
LogDevObjectVersion:   Dev-Enterprise (9DFFBCD6-494F-0158-E221-12823C92A888): 10
LogDevObjectVersion:   Dev-Niagara (F2AED0AC-9AFE-416F-8664-AA7FFA26D6FC): 1
LogDevObjectVersion:   Dev-Destruction (174F1F0B-B4C6-45A5-B13F-2EE8D0FB917D): 10
LogDevObjectVersion:   Dev-Physics-Ext (35F94A83-E258-406C-A318-09F59610247C): 41
LogDevObjectVersion:   Dev-PhysicsMaterial-Chaos (B68FC16E-8B1B-42E2-B453-215C058844FE): 1
LogDevObjectVersion:   Dev-CineCamera (B2E18506-4273-CFC2-A54E-F4BB758BBA07): 1
LogDevObjectVersion:   Dev-VirtualProduction (64F58936-FD1B-42BA-BA96-7289D5D0FA4E): 1
LogDevObjectVersion:   Dev-MediaFramework (6F0ED827-A609-4895-9C91-998D90180EA4): 2
LogInit: Presizing for max 25165824 objects, including 0 objects not considered by GC, pre-allocating 0 bytes for permanent pool.
LogConfig: Applying CVar settings from Section [/Script/Engine.StreamingSettings] File [E:/Unreal Projects/EngGame/Saved/Config/Windows/Engine.ini]
LogConfig: Setting CVar [[s.MinBulkDataSizeForAsyncLoading:131072]]
LogConfig: Setting CVar [[s.AsyncLoadingThreadEnabled:0]]
LogConfig: Setting CVar [[s.EventDrivenLoaderEnabled:1]]
LogConfig: Setting CVar [[s.WarnIfTimeLimitExceeded:0]]
LogConfig: Setting CVar [[s.TimeLimitExceededMultiplier:1.5]]
LogConfig: Setting CVar [[s.TimeLimitExceededMinTime:0.005]]
LogConfig: Setting CVar [[s.UseBackgroundLevelStreaming:1]]
LogConfig: Setting CVar [[s.PriorityAsyncLoadingExtraTime:15.0]]
LogConfig: Setting CVar [[s.LevelStreamingActorsUpdateTimeLimit:5.0]]
LogConfig: Setting CVar [[s.PriorityLevelStreamingActorsUpdateExtraTime:5.0]]
LogConfig: Setting CVar [[s.LevelStreamingComponentsRegistrationGranularity:10]]
LogConfig: Setting CVar [[s.UnregisterComponentsTimeLimit:1.0]]
LogConfig: Setting CVar [[s.LevelStreamingComponentsUnregistrationGranularity:5]]
LogConfig: Setting CVar [[s.FlushStreamingOnExit:1]]
LogInit: Object subsystem initialized
LogConfig: Setting CVar [[con.DebugEarlyDefault:1]]
LogConfig: Setting CVar [[r.setres:1280x720]]
[2024.04.29-20.59.57:874][  0]LogConfig: Setting CVar [[r.VSync:0]]
[2024.04.29-20.59.57:874][  0]LogConfig: Setting CVar [[r.RHICmdBypass:0]]
[2024.04.29-20.59.57:874][  0]LogConfig: Applying CVar settings from Section [/Script/Engine.RendererSettings] File [E:/Unreal Projects/EngGame/Saved/Config/Windows/Engine.ini]
[2024.04.29-20.59.57:875][  0]LogConfig: Setting CVar [[r.GPUCrashDebugging:0]]
[2024.04.29-20.59.57:875][  0]LogConfig: Applying CVar settings from Section [/Script/Engine.RendererOverrideSettings] File [E:/Unreal Projects/EngGame/Saved/Config/Windows/Engine.ini]
[2024.04.29-20.59.57:875][  0]LogConfig: Applying CVar settings from Section [/Script/Engine.StreamingSettings] File [E:/Unreal Projects/EngGame/Saved/Config/Windows/Engine.ini]
[2024.04.29-20.59.57:875][  0]LogConfig: Setting CVar [[s.MinBulkDataSizeForAsyncLoading:131072]]
[2024.04.29-20.59.57:875][  0]LogConfig: Setting CVar [[s.AsyncLoadingThreadEnabled:0]]
[2024.04.29-20.59.57:875][  0]LogConfig: Setting CVar [[s.EventDrivenLoaderEnabled:1]]
[2024.04.29-20.59.57:875][  0]LogConfig: Setting CVar [[s.WarnIfTimeLimitExceeded:0]]
[2024.04.29-20.59.57:875][  0]LogConfig: Setting CVar [[s.TimeLimitExceededMultiplier:1.5]]
[2024.04.29-20.59.57:875][  0]LogConfig: Setting CVar [[s.TimeLimitExceededMinTime:0.005]]
[2024.04.29-20.59.57:875][  0]LogConfig: Setting CVar [[s.UseBackgroundLevelStreaming:1]]
[2024.04.29-20.59.57:875][  0]LogConfig: Setting CVar [[s.PriorityAsyncLoadingExtraTime:15.0]]
[2024.04.29-20.59.57:875][  0]LogConfig: Setting CVar [[s.LevelStreamingActorsUpdateTimeLimit:5.0]]
[2024.04.29-20.59.57:875][  0]LogConfig: Setting CVar [[s.PriorityLevelStreamingActorsUpdateExtraTime:5.0]]
[2024.04.29-20.59.57:875][  0]LogConfig: Setting CVar [[s.LevelStreamingComponentsRegistrationGranularity:10]]
[2024.04.29-20.59.57:875][  0]LogConfig: Setting CVar [[s.UnregisterComponentsTimeLimit:1.0]]
[2024.04.29-20.59.57:875][  0]LogConfig: Setting CVar [[s.LevelStreamingComponentsUnregistrationGranularity:5]]
[2024.04.29-20.59.57:875][  0]LogConfig: Setting CVar [[s.FlushStreamingOnExit:1]]
[2024.04.29-20.59.57:875][  0]LogConfig: Applying CVar settings from Section [/Script/Engine.GarbageCollectionSettings] File [E:/Unreal Projects/EngGame/Saved/Config/Windows/Engine.ini]
[2024.04.29-20.59.57:875][  0]LogConfig: Setting CVar [[gc.MaxObjectsNotConsideredByGC:1]]
[2024.04.29-20.59.57:875][  0]LogConfig: Setting CVar [[gc.SizeOfPermanentObjectPool:0]]
[2024.04.29-20.59.57:875][  0]LogConfig: Setting CVar [[gc.FlushStreamingOnGC:0]]
[2024.04.29-20.59.57:875][  0]LogConfig: Setting CVar [[gc.NumRetriesBeforeForcingGC:10]]
[2024.04.29-20.59.57:875][  0]LogConfig: Setting CVar [[gc.AllowParallelGC:1]]
[2024.04.29-20.59.57:875][  0]LogConfig: Setting CVar [[gc.TimeBetweenPurgingPendingKillObjects:61.1]]
[2024.04.29-20.59.57:875][  0]LogConfig: Setting CVar [[gc.MaxObjectsInEditor:25165824]]
[2024.04.29-20.59.57:875][  0]LogConfig: Setting CVar [[gc.IncrementalBeginDestroyEnabled:1]]
[2024.04.29-20.59.57:875][  0]LogConfig: Setting CVar [[gc.CreateGCClusters:1]]
[2024.04.29-20.59.57:875][  0]LogConfig: Setting CVar [[gc.MinGCClusterSize:5]]
[2024.04.29-20.59.57:875][  0]LogConfig: Setting CVar [[gc.ActorClusteringEnabled:0]]
[2024.04.29-20.59.57:875][  0]LogConfig: Setting CVar [[gc.BlueprintClusteringEnabled:0]]
[2024.04.29-20.59.57:875][  0]LogConfig: Setting CVar [[gc.UseDisregardForGCOnDedicatedServers:0]]
[2024.04.29-20.59.57:875][  0]LogConfig: Setting CVar [[gc.MultithreadedDestructionEnabled:1]]
[2024.04.29-20.59.57:875][  0]LogConfig: Applying CVar settings from Section [/Script/Engine.NetworkSettings] File [E:/Unreal Projects/EngGame/Saved/Config/Windows/Engine.ini]
[2024.04.29-20.59.57:875][  0]LogConfig: Applying CVar settings from Section [/Script/UnrealEd.CookerSettings] File [E:/Unreal Projects/EngGame/Saved/Config/Windows/Engine.ini]
[2024.04.29-20.59.57:901][  0]LogConfig: Applying CVar settings from Section [ViewDistanceQuality@3] File [E:/Unreal Projects/EngGame/Saved/Config/Windows/Scalability.ini]
[2024.04.29-20.59.57:901][  0]LogConfig: Setting CVar [[r.SkeletalMeshLODBias:0]]
[2024.04.29-20.59.57:901][  0]LogConfig: Setting CVar [[r.ViewDistanceScale:1.0]]
[2024.04.29-20.59.57:901][  0]LogConfig: Applying CVar settings from Section [AntiAliasingQuality@3] File [E:/Unreal Projects/EngGame/Saved/Config/Windows/Scalability.ini]
[2024.04.29-20.59.57:901][  0]LogConfig: Setting CVar [[r.PostProcessAAQuality:4]]
[2024.04.29-20.59.57:901][  0]LogConfig: Applying CVar settings from Section [ShadowQuality@3] File [E:/Unreal Projects/EngGame/Saved/Config/Windows/Scalability.ini]
[2024.04.29-20.59.57:901][  0]LogConfig: Setting CVar [[r.LightFunctionQuality:1]]
[2024.04.29-20.59.57:901][  0]LogConfig: Setting CVar [[r.ShadowQuality:5]]
[2024.04.29-20.59.57:901][  0]LogConfig: Setting CVar [[r.Shadow.CSM.MaxCascades:10]]
[2024.04.29-20.59.57:901][  0]LogConfig: Setting CVar [[r.Shadow.MaxResolution:2048]]
[2024.04.29-20.59.57:902][  0]LogConfig: Setting CVar [[r.Shadow.MaxCSMResolution:2048]]
[2024.04.29-20.59.57:902][  0]LogConfig: Setting CVar [[r.Shadow.RadiusThreshold:0.01]]
[2024.04.29-20.59.57:902][  0]LogConfig: Setting CVar [[r.Shadow.DistanceScale:1.0]]
[2024.04.29-20.59.57:902][  0]LogConfig: Setting CVar [[r.Shadow.CSM.TransitionScale:1.0]]
[2024.04.29-20.59.57:902][  0]LogConfig: Setting CVar [[r.Shadow.PreShadowResolutionFactor:1.0]]
[2024.04.29-20.59.57:902][  0]LogConfig: Setting CVar [[r.DistanceFieldShadowing:1]]
[2024.04.29-20.59.57:902][  0]LogConfig: Setting CVar [[r.DistanceFieldAO:1]]
[2024.04.29-20.59.57:902][  0]LogConfig: Setting CVar [[r.AOQuality:2]]
[2024.04.29-20.59.57:902][  0]LogConfig: Setting CVar [[r.VolumetricFog:1]]
[2024.04.29-20.59.57:902][  0]LogConfig: Setting CVar [[r.VolumetricFog.GridPixelSize:8]]
[2024.04.29-20.59.57:902][  0]LogConfig: Setting CVar [[r.VolumetricFog.GridSizeZ:128]]
[2024.04.29-20.59.57:902][  0]LogConfig: Setting CVar [[r.VolumetricFog.HistoryMissSupersampleCount:4]]
[2024.04.29-20.59.57:902][  0]LogConfig: Setting CVar [[r.LightMaxDrawDistanceScale:1]]
[2024.04.29-20.59.57:902][  0]LogConfig: Setting CVar [[r.CapsuleShadows:1]]
[2024.04.29-20.59.57:902][  0]LogConfig: Applying CVar settings from Section [PostProcessQuality@3] File [E:/Unreal Projects/EngGame/Saved/Config/Windows/Scalability.ini]
[2024.04.29-20.59.57:902][  0]LogConfig: Setting CVar [[r.MotionBlurQuality:4]]
[2024.04.29-20.59.57:902][  0]LogConfig: Setting CVar [[r.AmbientOcclusionMipLevelFactor:0.4]]
[2024.04.29-20.59.57:902][  0]LogConfig: Setting CVar [[r.AmbientOcclusionMaxQuality:100]]
[2024.04.29-20.59.57:902][  0]LogConfig: Setting CVar [[r.AmbientOcclusionLevels:-1]]
[2024.04.29-20.59.57:902][  0]LogConfig: Setting CVar [[r.AmbientOcclusionRadiusScale:1.0]]
[2024.04.29-20.59.57:902][  0]LogConfig: Setting CVar [[r.DepthOfFieldQuality:2]]
[2024.04.29-20.59.57:902][  0]LogConfig: Setting CVar [[r.RenderTargetPoolMin:400]]
[2024.04.29-20.59.57:902][  0]LogConfig: Setting CVar [[r.LensFlareQuality:2]]
[2024.04.29-20.59.57:902][  0]LogConfig: Setting CVar [[r.SceneColorFringeQuality:1]]
[2024.04.29-20.59.57:902][  0]LogConfig: Setting CVar [[r.EyeAdaptationQuality:2]]
[2024.04.29-20.59.57:902][  0]LogConfig: Setting CVar [[r.BloomQuality:5]]
[2024.04.29-20.59.57:902][  0]LogConfig: Setting CVar [[r.FastBlurThreshold:100]]
[2024.04.29-20.59.57:902][  0]LogConfig: Setting CVar [[r.Upscale.Quality:3]]
[2024.04.29-20.59.57:902][  0]LogConfig: Setting CVar [[r.Tonemapper.GrainQuantization:1]]
[2024.04.29-20.59.57:902][  0]LogConfig: Setting CVar [[r.LightShaftQuality:1]]
[2024.04.29-20.59.57:902][  0]LogConfig: Setting CVar [[r.Filter.SizeScale:1]]
[2024.04.29-20.59.57:902][  0]LogConfig: Setting CVar [[r.Tonemapper.Quality:5]]
[2024.04.29-20.59.57:902][  0]LogConfig: Setting CVar [[r.DOF.Gather.AccumulatorQuality:1        ; higher gathering accumulator quality]]
[2024.04.29-20.59.57:902][  0]LogConfig: Setting CVar [[r.DOF.Gather.PostfilterMethod:1          ; Median3x3 postfilering method]]
[2024.04.29-20.59.57:902][  0]LogConfig: Setting CVar [[r.DOF.Gather.EnableBokehSettings:0       ; no bokeh simulation when gathering]]
[2024.04.29-20.59.57:902][  0]LogConfig: Setting CVar [[r.DOF.Gather.RingCount:4                 ; medium number of samples when gathering]]
[2024.04.29-20.59.57:902][  0]LogConfig: Setting CVar [[r.DOF.Scatter.ForegroundCompositing:1    ; additive foreground scattering]]
[2024.04.29-20.59.57:902][  0]LogConfig: Setting CVar [[r.DOF.Scatter.BackgroundCompositing:2    ; additive background scattering]]
[2024.04.29-20.59.57:902][  0]LogConfig: Setting CVar [[r.DOF.Scatter.EnableBokehSettings:1      ; bokeh simulation when scattering]]
[2024.04.29-20.59.57:902][  0]LogConfig: Setting CVar [[r.DOF.Scatter.MaxSpriteRatio:0.1         ; only a maximum of 10% of scattered bokeh]]
[2024.04.29-20.59.57:902][  0]LogConfig: Setting CVar [[r.DOF.Recombine.Quality:1                ; cheap slight out of focus]]
[2024.04.29-20.59.57:902][  0]LogConfig: Setting CVar [[r.DOF.Recombine.EnableBokehSettings:0    ; no bokeh simulation on slight out of focus]]
[2024.04.29-20.59.57:902][  0]LogConfig: Setting CVar [[r.DOF.TemporalAAQuality:1                ; more stable temporal accumulation]]
[2024.04.29-20.59.57:902][  0]LogConfig: Setting CVar [[r.DOF.Kernel.MaxForegroundRadius:0.025]]
[2024.04.29-20.59.57:902][  0]LogConfig: Setting CVar [[r.DOF.Kernel.MaxBackgroundRadius:0.025]]
[2024.04.29-20.59.57:902][  0]LogConfig: Applying CVar settings from Section [TextureQuality@3] File [E:/Unreal Projects/EngGame/Saved/Config/Windows/Scalability.ini]
[2024.04.29-20.59.57:902][  0]LogConfig: Setting CVar [[r.Streaming.MipBias:0]]
[2024.04.29-20.59.57:902][  0]LogConfig: Setting CVar [[r.Streaming.AmortizeCPUToGPUCopy:0]]
[2024.04.29-20.59.57:902][  0]LogConfig: Setting CVar [[r.Streaming.MaxNumTexturesToStreamPerFrame:0]]
[2024.04.29-20.59.57:902][  0]LogConfig: Setting CVar [[r.Streaming.Boost:1]]
[2024.04.29-20.59.57:902][  0]LogConfig: Setting CVar [[r.MaxAnisotropy:8]]
[2024.04.29-20.59.57:902][  0]LogConfig: Setting CVar [[r.VT.MaxAnisotropy:8]]
[2024.04.29-20.59.57:902][  0]LogConfig: Setting CVar [[r.Streaming.LimitPoolSizeToVRAM:0]]
[2024.04.29-20.59.57:902][  0]LogConfig: Setting CVar [[r.Streaming.PoolSize:1000]]
[2024.04.29-20.59.57:902][  0]LogConfig: Setting CVar [[r.Streaming.MaxEffectiveScreenSize:0]]
[2024.04.29-20.59.57:902][  0]LogConfig: Applying CVar settings from Section [EffectsQuality@3] File [E:/Unreal Projects/EngGame/Saved/Config/Windows/Scalability.ini]
[2024.04.29-20.59.57:902][  0]LogConfig: Setting CVar [[r.TranslucencyLightingVolumeDim:64]]
[2024.04.29-20.59.57:902][  0]LogConfig: Setting CVar [[r.RefractionQuality:2]]
[2024.04.29-20.59.57:902][  0]LogConfig: Setting CVar [[r.SSR.Quality:3]]
[2024.04.29-20.59.57:902][  0]LogConfig: Setting CVar [[r.SSR.HalfResSceneColor:0]]
[2024.04.29-20.59.57:902][  0]LogConfig: Setting CVar [[r.SceneColorFormat:4]]
[2024.04.29-20.59.57:902][  0]LogConfig: Setting CVar [[r.DetailMode:2]]
[2024.04.29-20.59.57:902][  0]LogConfig: Setting CVar [[r.TranslucencyVolumeBlur:1]]
[2024.04.29-20.59.57:902][  0]LogConfig: Setting CVar [[r.MaterialQualityLevel:1 ; High quality]]
[2024.04.29-20.59.57:902][  0]LogConfig: Setting CVar [[r.AnisotropicMaterials:1]]
[2024.04.29-20.59.57:903][  0]LogConfig: Setting CVar [[r.SSS.Scale:1]]
[2024.04.29-20.59.57:903][  0]LogConfig: Setting CVar [[r.SSS.SampleSet:2]]
[2024.04.29-20.59.57:903][  0]LogConfig: Setting CVar [[r.SSS.Quality:1]]
[2024.04.29-20.59.57:903][  0]LogConfig: Setting CVar [[r.SSS.HalfRes:0]]
[2024.04.29-20.59.57:903][  0]LogConfig: Setting CVar [[r.SSGI.Quality:3]]
[2024.04.29-20.59.57:903][  0]LogConfig: Setting CVar [[r.EmitterSpawnRateScale:1.0]]
[2024.04.29-20.59.57:903][  0]LogConfig: Setting CVar [[r.ParticleLightQuality:2]]
[2024.04.29-20.59.57:903][  0]LogConfig: Setting CVar [[r.SkyAtmosphere.AerialPerspectiveLUT.FastApplyOnOpaque:1 ; Always have FastSkyLUT 1 in this case to avoid wrong sky]]
[2024.04.29-20.59.57:903][  0]LogConfig: Setting CVar [[r.SkyAtmosphere.AerialPerspectiveLUT.SampleCountMaxPerSlice:4]]
[2024.04.29-20.59.57:903][  0]LogConfig: Setting CVar [[r.SkyAtmosphere.AerialPerspectiveLUT.DepthResolution:16.0]]
[2024.04.29-20.59.57:903][  0]LogConfig: Setting CVar [[r.SkyAtmosphere.FastSkyLUT:1]]
[2024.04.29-20.59.57:903][  0]LogConfig: Setting CVar [[r.SkyAtmosphere.FastSkyLUT.SampleCountMin:4.0]]
[2024.04.29-20.59.57:903][  0]LogConfig: Setting CVar [[r.SkyAtmosphere.FastSkyLUT.SampleCountMax:128.0]]
[2024.04.29-20.59.57:903][  0]LogConfig: Setting CVar [[r.SkyAtmosphere.SampleCountMin:4.0]]
[2024.04.29-20.59.57:903][  0]LogConfig: Setting CVar [[r.SkyAtmosphere.SampleCountMax:128.0]]
[2024.04.29-20.59.57:903][  0]LogConfig: Setting CVar [[r.SkyAtmosphere.TransmittanceLUT.UseSmallFormat:0]]
[2024.04.29-20.59.57:903][  0]LogConfig: Setting CVar [[r.SkyAtmosphere.TransmittanceLUT.SampleCount:10.0]]
[2024.04.29-20.59.57:903][  0]LogConfig: Setting CVar [[r.SkyAtmosphere.MultiScatteringLUT.SampleCount:15.0]]
[2024.04.29-20.59.57:903][  0]LogConfig: Setting CVar [[r.SkyLight.RealTimeReflectionCapture:1]]
[2024.04.29-20.59.57:903][  0]LogConfig: Applying CVar settings from Section [FoliageQuality@3] File [E:/Unreal Projects/EngGame/Saved/Config/Windows/Scalability.ini]
[2024.04.29-20.59.57:903][  0]LogConfig: Setting CVar [[foliage.DensityScale:1.0]]
[2024.04.29-20.59.57:903][  0]LogConfig: Setting CVar [[grass.DensityScale:1.0]]
[2024.04.29-20.59.57:903][  0]LogConfig: Applying CVar settings from Section [ShadingQuality@3] File [E:/Unreal Projects/EngGame/Saved/Config/Windows/Scalability.ini]
[2024.04.29-20.59.57:903][  0]LogConfig: Setting CVar [[r.HairStrands.SkyLighting.IntegrationType:2]]
[2024.04.29-20.59.57:903][  0]LogConfig: Setting CVar [[r.HairStrands.SkyAO.SampleCount:4]]
[2024.04.29-20.59.57:903][  0]LogConfig: Setting CVar [[r.HairStrands.Visibility.MSAA.SamplePerPixel:4]]
[2024.04.29-20.59.57:903][  0]LogInit: Selected Device Profile: [Windows]
[2024.04.29-20.59.57:903][  0]LogInit: Applying CVar settings loaded from the selected device profile: [Windows]
[2024.04.29-20.59.57:903][  0]LogHAL: Display: Platform has ~ 8 GB [8525959168 / 8589934592 / 8], which maps to Default [LargestMinGB=32, LargerMinGB=12, DefaultMinGB=8, SmallerMinGB=6, SmallestMinGB=0)
[2024.04.29-20.59.57:903][  0]LogInit: Going up to parent DeviceProfile []
[2024.04.29-20.59.57:903][  0]LogConfig: Applying CVar settings from Section [ViewDistanceQuality@3] File [E:/Unreal Projects/EngGame/Saved/Config/Windows/Scalability.ini]
[2024.04.29-20.59.57:903][  0]LogConfig: Setting CVar [[r.SkeletalMeshLODBias:0]]
[2024.04.29-20.59.57:903][  0]LogConfig: Setting CVar [[r.ViewDistanceScale:1.0]]
[2024.04.29-20.59.57:903][  0]LogConfig: Applying CVar settings from Section [AntiAliasingQuality@3] File [E:/Unreal Projects/EngGame/Saved/Config/Windows/Scalability.ini]
[2024.04.29-20.59.57:903][  0]LogConfig: Setting CVar [[r.PostProcessAAQuality:4]]
[2024.04.29-20.59.57:903][  0]LogConfig: Applying CVar settings from Section [ShadowQuality@3] File [E:/Unreal Projects/EngGame/Saved/Config/Windows/Scalability.ini]
[2024.04.29-20.59.57:903][  0]LogConfig: Setting CVar [[r.LightFunctionQuality:1]]
[2024.04.29-20.59.57:903][  0]LogConfig: Setting CVar [[r.ShadowQuality:5]]
[2024.04.29-20.59.57:903][  0]LogConfig: Setting CVar [[r.Shadow.CSM.MaxCascades:10]]
[2024.04.29-20.59.57:903][  0]LogConfig: Setting CVar [[r.Shadow.MaxResolution:2048]]
[2024.04.29-20.59.57:903][  0]LogConfig: Setting CVar [[r.Shadow.MaxCSMResolution:2048]]
[2024.04.29-20.59.57:903][  0]LogConfig: Setting CVar [[r.Shadow.RadiusThreshold:0.01]]
[2024.04.29-20.59.57:903][  0]LogConfig: Setting CVar [[r.Shadow.DistanceScale:1.0]]
[2024.04.29-20.59.57:903][  0]LogConfig: Setting CVar [[r.Shadow.CSM.TransitionScale:1.0]]
[2024.04.29-20.59.57:903][  0]LogConfig: Setting CVar [[r.Shadow.PreShadowResolutionFactor:1.0]]
[2024.04.29-20.59.57:903][  0]LogConfig: Setting CVar [[r.DistanceFieldShadowing:1]]
[2024.04.29-20.59.57:903][  0]LogConfig: Setting CVar [[r.DistanceFieldAO:1]]
[2024.04.29-20.59.57:903][  0]LogConfig: Setting CVar [[r.AOQuality:2]]
[2024.04.29-20.59.57:903][  0]LogConfig: Setting CVar [[r.VolumetricFog:1]]
[2024.04.29-20.59.57:903][  0]LogConfig: Setting CVar [[r.VolumetricFog.GridPixelSize:8]]
[2024.04.29-20.59.57:903][  0]LogConfig: Setting CVar [[r.VolumetricFog.GridSizeZ:128]]
[2024.04.29-20.59.57:903][  0]LogConfig: Setting CVar [[r.VolumetricFog.HistoryMissSupersampleCount:4]]
[2024.04.29-20.59.57:903][  0]LogConfig: Setting CVar [[r.LightMaxDrawDistanceScale:1]]
[2024.04.29-20.59.57:903][  0]LogConfig: Setting CVar [[r.CapsuleShadows:1]]
[2024.04.29-20.59.57:903][  0]LogConfig: Applying CVar settings from Section [PostProcessQuality@3] File [E:/Unreal Projects/EngGame/Saved/Config/Windows/Scalability.ini]
[2024.04.29-20.59.57:903][  0]LogConfig: Setting CVar [[r.MotionBlurQuality:4]]
[2024.04.29-20.59.57:903][  0]LogConfig: Setting CVar [[r.AmbientOcclusionMipLevelFactor:0.4]]
[2024.04.29-20.59.57:903][  0]LogConfig: Setting CVar [[r.AmbientOcclusionMaxQuality:100]]
[2024.04.29-20.59.57:903][  0]LogConfig: Setting CVar [[r.AmbientOcclusionLevels:-1]]
[2024.04.29-20.59.57:904][  0]LogConfig: Setting CVar [[r.AmbientOcclusionRadiusScale:1.0]]
[2024.04.29-20.59.57:904][  0]LogConfig: Setting CVar [[r.DepthOfFieldQuality:2]]
[2024.04.29-20.59.57:904][  0]LogConfig: Setting CVar [[r.RenderTargetPoolMin:400]]
[2024.04.29-20.59.57:904][  0]LogConfig: Setting CVar [[r.LensFlareQuality:2]]
[2024.04.29-20.59.57:904][  0]LogConfig: Setting CVar [[r.SceneColorFringeQuality:1]]
[2024.04.29-20.59.57:904][  0]LogConfig: Setting CVar [[r.EyeAdaptationQuality:2]]
[2024.04.29-20.59.57:904][  0]LogConfig: Setting CVar [[r.BloomQuality:5]]
[2024.04.29-20.59.57:904][  0]LogConfig: Setting CVar [[r.FastBlurThreshold:100]]
[2024.04.29-20.59.57:904][  0]LogConfig: Setting CVar [[r.Upscale.Quality:3]]
[2024.04.29-20.59.57:904][  0]LogConfig: Setting CVar [[r.Tonemapper.GrainQuantization:1]]
[2024.04.29-20.59.57:904][  0]LogConfig: Setting CVar [[r.LightShaftQuality:1]]
[2024.04.29-20.59.57:904][  0]LogConfig: Setting CVar [[r.Filter.SizeScale:1]]
[2024.04.29-20.59.57:904][  0]LogConfig: Setting CVar [[r.Tonemapper.Quality:5]]
[2024.04.29-20.59.57:904][  0]LogConfig: Setting CVar [[r.DOF.Gather.AccumulatorQuality:1        ; higher gathering accumulator quality]]
[2024.04.29-20.59.57:904][  0]LogConfig: Setting CVar [[r.DOF.Gather.PostfilterMethod:1          ; Median3x3 postfilering method]]
[2024.04.29-20.59.57:904][  0]LogConfig: Setting CVar [[r.DOF.Gather.EnableBokehSettings:0       ; no bokeh simulation when gathering]]
[2024.04.29-20.59.57:904][  0]LogConfig: Setting CVar [[r.DOF.Gather.RingCount:4                 ; medium number of samples when gathering]]
[2024.04.29-20.59.57:904][  0]LogConfig: Setting CVar [[r.DOF.Scatter.ForegroundCompositing:1    ; additive foreground scattering]]
[2024.04.29-20.59.57:904][  0]LogConfig: Setting CVar [[r.DOF.Scatter.BackgroundCompositing:2    ; additive background scattering]]
[2024.04.29-20.59.57:904][  0]LogConfig: Setting CVar [[r.DOF.Scatter.EnableBokehSettings:1      ; bokeh simulation when scattering]]
[2024.04.29-20.59.57:904][  0]LogConfig: Setting CVar [[r.DOF.Scatter.MaxSpriteRatio:0.1         ; only a maximum of 10% of scattered bokeh]]
[2024.04.29-20.59.57:904][  0]LogConfig: Setting CVar [[r.DOF.Recombine.Quality:1                ; cheap slight out of focus]]
[2024.04.29-20.59.57:904][  0]LogConfig: Setting CVar [[r.DOF.Recombine.EnableBokehSettings:0    ; no bokeh simulation on slight out of focus]]
[2024.04.29-20.59.57:904][  0]LogConfig: Setting CVar [[r.DOF.TemporalAAQuality:1                ; more stable temporal accumulation]]
[2024.04.29-20.59.57:904][  0]LogConfig: Setting CVar [[r.DOF.Kernel.MaxForegroundRadius:0.025]]
[2024.04.29-20.59.57:904][  0]LogConfig: Setting CVar [[r.DOF.Kernel.MaxBackgroundRadius:0.025]]
[2024.04.29-20.59.57:904][  0]LogConfig: Applying CVar settings from Section [TextureQuality@3] File [E:/Unreal Projects/EngGame/Saved/Config/Windows/Scalability.ini]
[2024.04.29-20.59.57:904][  0]LogConfig: Setting CVar [[r.Streaming.MipBias:0]]
[2024.04.29-20.59.57:904][  0]LogConfig: Setting CVar [[r.Streaming.AmortizeCPUToGPUCopy:0]]
[2024.04.29-20.59.57:904][  0]LogConfig: Setting CVar [[r.Streaming.MaxNumTexturesToStreamPerFrame:0]]
[2024.04.29-20.59.57:904][  0]LogConfig: Setting CVar [[r.Streaming.Boost:1]]
[2024.04.29-20.59.57:904][  0]LogConfig: Setting CVar [[r.MaxAnisotropy:8]]
[2024.04.29-20.59.57:904][  0]LogConfig: Setting CVar [[r.VT.MaxAnisotropy:8]]
[2024.04.29-20.59.57:904][  0]LogConfig: Setting CVar [[r.Streaming.LimitPoolSizeToVRAM:0]]
[2024.04.29-20.59.57:904][  0]LogConfig: Setting CVar [[r.Streaming.PoolSize:1000]]
[2024.04.29-20.59.57:904][  0]LogConfig: Setting CVar [[r.Streaming.MaxEffectiveScreenSize:0]]
[2024.04.29-20.59.57:904][  0]LogConfig: Applying CVar settings from Section [EffectsQuality@3] File [E:/Unreal Projects/EngGame/Saved/Config/Windows/Scalability.ini]
[2024.04.29-20.59.57:904][  0]LogConfig: Setting CVar [[r.TranslucencyLightingVolumeDim:64]]
[2024.04.29-20.59.57:904][  0]LogConfig: Setting CVar [[r.RefractionQuality:2]]
[2024.04.29-20.59.57:904][  0]LogConfig: Setting CVar [[r.SSR.Quality:3]]
[2024.04.29-20.59.57:904][  0]LogConfig: Setting CVar [[r.SSR.HalfResSceneColor:0]]
[2024.04.29-20.59.57:904][  0]LogConfig: Setting CVar [[r.SceneColorFormat:4]]
[2024.04.29-20.59.57:904][  0]LogConfig: Setting CVar [[r.DetailMode:2]]
[2024.04.29-20.59.57:904][  0]LogConfig: Setting CVar [[r.TranslucencyVolumeBlur:1]]
[2024.04.29-20.59.57:904][  0]LogConfig: Setting CVar [[r.MaterialQualityLevel:1 ; High quality]]
[2024.04.29-20.59.57:904][  0]LogConfig: Setting CVar [[r.AnisotropicMaterials:1]]
[2024.04.29-20.59.57:904][  0]LogConfig: Setting CVar [[r.SSS.Scale:1]]
[2024.04.29-20.59.57:904][  0]LogConfig: Setting CVar [[r.SSS.SampleSet:2]]
[2024.04.29-20.59.57:904][  0]LogConfig: Setting CVar [[r.SSS.Quality:1]]
[2024.04.29-20.59.57:904][  0]LogConfig: Setting CVar [[r.SSS.HalfRes:0]]
[2024.04.29-20.59.57:904][  0]LogConfig: Setting CVar [[r.SSGI.Quality:3]]
[2024.04.29-20.59.57:904][  0]LogConfig: Setting CVar [[r.EmitterSpawnRateScale:1.0]]
[2024.04.29-20.59.57:904][  0]LogConfig: Setting CVar [[r.ParticleLightQuality:2]]
[2024.04.29-20.59.57:904][  0]LogConfig: Setting CVar [[r.SkyAtmosphere.AerialPerspectiveLUT.FastApplyOnOpaque:1 ; Always have FastSkyLUT 1 in this case to avoid wrong sky]]
[2024.04.29-20.59.57:904][  0]LogConfig: Setting CVar [[r.SkyAtmosphere.AerialPerspectiveLUT.SampleCountMaxPerSlice:4]]
[2024.04.29-20.59.57:904][  0]LogConfig: Setting CVar [[r.SkyAtmosphere.AerialPerspectiveLUT.DepthResolution:16.0]]
[2024.04.29-20.59.57:904][  0]LogConfig: Setting CVar [[r.SkyAtmosphere.FastSkyLUT:1]]
[2024.04.29-20.59.57:904][  0]LogConfig: Setting CVar [[r.SkyAtmosphere.FastSkyLUT.SampleCountMin:4.0]]
[2024.04.29-20.59.57:904][  0]LogConfig: Setting CVar [[r.SkyAtmosphere.FastSkyLUT.SampleCountMax:128.0]]
[2024.04.29-20.59.57:904][  0]LogConfig: Setting CVar [[r.SkyAtmosphere.SampleCountMin:4.0]]
[2024.04.29-20.59.57:904][  0]LogConfig: Setting CVar [[r.SkyAtmosphere.SampleCountMax:128.0]]
[2024.04.29-20.59.57:904][  0]LogConfig: Setting CVar [[r.SkyAtmosphere.TransmittanceLUT.UseSmallFormat:0]]
[2024.04.29-20.59.57:904][  0]LogConfig: Setting CVar [[r.SkyAtmosphere.TransmittanceLUT.SampleCount:10.0]]
[2024.04.29-20.59.57:904][  0]LogConfig: Setting CVar [[r.SkyAtmosphere.MultiScatteringLUT.SampleCount:15.0]]
[2024.04.29-20.59.57:904][  0]LogConfig: Setting CVar [[r.SkyLight.RealTimeReflectionCapture:1]]
[2024.04.29-20.59.57:904][  0]LogConfig: Applying CVar settings from Section [FoliageQuality@3] File [E:/Unreal Projects/EngGame/Saved/Config/Windows/Scalability.ini]
[2024.04.29-20.59.57:904][  0]LogConfig: Setting CVar [[foliage.DensityScale:1.0]]
[2024.04.29-20.59.57:905][  0]LogConfig: Setting CVar [[grass.DensityScale:1.0]]
[2024.04.29-20.59.57:905][  0]LogConfig: Applying CVar settings from Section [ShadingQuality@3] File [E:/Unreal Projects/EngGame/Saved/Config/Windows/Scalability.ini]
[2024.04.29-20.59.57:905][  0]LogConfig: Setting CVar [[r.HairStrands.SkyLighting.IntegrationType:2]]
[2024.04.29-20.59.57:905][  0]LogConfig: Setting CVar [[r.HairStrands.SkyAO.SampleCount:4]]
[2024.04.29-20.59.57:905][  0]LogConfig: Setting CVar [[r.HairStrands.Visibility.MSAA.SamplePerPixel:4]]
[2024.04.29-20.59.57:905][  0]LogConfig: Applying CVar settings from Section [Startup] File [../../../Engine/Config/ConsoleVariables.ini]
[2024.04.29-20.59.57:905][  0]LogConfig: Setting CVar [[net.UseAdaptiveNetUpdateFrequency:0]]
[2024.04.29-20.59.57:905][  0]LogConfig: Setting CVar [[p.chaos.AllowCreatePhysxBodies:1]]
[2024.04.29-20.59.57:905][  0]LogConfig: Setting CVar [[fx.SkipVectorVMBackendOptimizations:1]]
[2024.04.29-20.59.57:905][  0]LogConfig: Applying CVar settings from Section [ConsoleVariables] File [E:/Unreal Projects/EngGame/Saved/Config/Windows/Engine.ini]
[2024.04.29-20.59.57:905][  0]LogConfig: Applying CVar settings from Section [ConsoleVariables] File [E:/Unreal Projects/EngGame/Saved/Config/Windows/Editor.ini]
[2024.04.29-20.59.57:905][  0]LogInit: Computer: MURLOC
[2024.04.29-20.59.57:905][  0]LogInit: User: Z0rr0X5
[2024.04.29-20.59.57:905][  0]LogInit: CPU Page size=4096, Cores=4
[2024.04.29-20.59.57:905][  0]LogInit: High frequency timer resolution =10.000000 MHz
[2024.04.29-20.59.57:905][  0]LogMemory: Memory total: Physical=7.9GB (8GB approx)
[2024.04.29-20.59.57:905][  0]LogMemory: Platform Memory Stats for Windows
[2024.04.29-20.59.57:905][  0]LogMemory: Process Physical Memory: 139.39 MB used, 139.39 MB peak
[2024.04.29-20.59.57:905][  0]LogMemory: Process Virtual Memory: 125.42 MB used, 125.42 MB peak
[2024.04.29-20.59.57:905][  0]LogMemory: Physical Memory: 3936.98 MB used,  4194.00 MB free, 8130.99 MB total
[2024.04.29-20.59.57:905][  0]LogMemory: Virtual Memory: 134207368.00 MB used,  10361.89 MB free, 134217728.00 MB total
[2024.04.29-20.59.57:911][  0]LogWindows: WindowsPlatformFeatures enabled
[2024.04.29-20.59.57:964][  0]LogInit: Physics initialised using underlying interface: PhysX
[2024.04.29-20.59.57:965][  0]LogInit: Using OS detected language (en-US).
[2024.04.29-20.59.57:965][  0]LogInit: Using OS detected locale (ru-RU).
[2024.04.29-20.59.57:975][  0]LogTextLocalizationManager: No specific localization for 'en-US' exists, so the 'en' localization will be used.
[2024.04.29-20.59.58:199][  0]LogInit: Setting process to per monitor DPI aware
[2024.04.29-20.59.58:211][  0]LogWindowsTextInputMethodSystem: Display: IME system deactivated.
[2024.04.29-20.59.58:224][  0]LogSlate: New Slate User Created.  User Index 0, Is Virtual User: 0
[2024.04.29-20.59.58:225][  0]LogSlate: Slate User Registered.  User Index 0, Is Virtual User: 0
[2024.04.29-20.59.58:385][  0]LogD3D11RHI: Loaded GFSDK_Aftermath_Lib.x64.dll
[2024.04.29-20.59.58:388][  0]LogHMD: Failed to initialize OpenVR with code 110
[2024.04.29-20.59.58:388][  0]LogD3D11RHI: D3D11 min allowed feature level: 11_0
[2024.04.29-20.59.58:388][  0]LogD3D11RHI: D3D11 max allowed feature level: 11_0
[2024.04.29-20.59.58:388][  0]LogD3D11RHI: D3D11 adapters:
[2024.04.29-20.59.58:550][  0]LogD3D11RHI:    0. 'NVIDIA GeForce GTX 1050 Ti' (Feature Level 11_0)
[2024.04.29-20.59.58:550][  0]LogD3D11RHI:       4017/0/4065 MB DedicatedVideo/DedicatedSystem/SharedSystem, Outputs:2, VendorId:0x10de
[2024.04.29-20.59.58:554][  0]LogD3D11RHI:    1. 'Microsoft Basic Render Driver' (Feature Level 11_0)
[2024.04.29-20.59.58:554][  0]LogD3D11RHI:       0/0/4065 MB DedicatedVideo/DedicatedSystem/SharedSystem, Outputs:0, VendorId:0x1414
[2024.04.29-20.59.58:554][  0]LogD3D11RHI: Chosen D3D11 Adapter:
[2024.04.29-20.59.58:554][  0]LogD3D11RHI:     Description : NVIDIA GeForce GTX 1050 Ti
[2024.04.29-20.59.58:554][  0]LogD3D11RHI:     VendorId    : 10de
[2024.04.29-20.59.58:554][  0]LogD3D11RHI:     DeviceId    : 1c82
[2024.04.29-20.59.58:554][  0]LogD3D11RHI:     SubSysId    : 8c961462
[2024.04.29-20.59.58:554][  0]LogD3D11RHI:     Revision    : 00a1
[2024.04.29-20.59.58:554][  0]LogD3D11RHI:     DedicatedVideoMemory : 4212129792 bytes
[2024.04.29-20.59.58:554][  0]LogD3D11RHI:     DedicatedSystemMemory : 0 bytes
[2024.04.29-20.59.58:554][  0]LogD3D11RHI:     SharedSystemMemory : 4262979584 bytes
[2024.04.29-20.59.58:554][  0]LogD3D11RHI:     AdapterLuid : 0 158977
[2024.04.29-20.59.58:559][  0]LogD3D11RHI: Creating new Direct3DDevice
[2024.04.29-20.59.58:559][  0]LogD3D11RHI:     GPU DeviceId: 0x1c82 (for the marketing name, search the web for "GPU Device Id")
[2024.04.29-20.59.58:559][  0]LogWindows: EnumDisplayDevices:
[2024.04.29-20.59.58:560][  0]LogWindows:    0. 'NVIDIA GeForce GTX 1050 Ti' (P:1 D:1)
[2024.04.29-20.59.58:560][  0]LogWindows:    1. 'NVIDIA GeForce GTX 1050 Ti' (P:0 D:1)
[2024.04.29-20.59.58:560][  0]LogWindows:    2. 'NVIDIA GeForce GTX 1050 Ti' (P:0 D:0)
[2024.04.29-20.59.58:561][  0]LogWindows:    3. 'NVIDIA GeForce GTX 1050 Ti' (P:0 D:0)
[2024.04.29-20.59.58:561][  0]LogWindows: DebugString: FoundDriverCount:4 
[2024.04.29-20.59.58:561][  0]LogD3D11RHI:     Adapter Name: NVIDIA GeForce GTX 1050 Ti
[2024.04.29-20.59.58:561][  0]LogD3D11RHI:   Driver Version: 537.42 (internal:31.0.15.3742, unified:537.42)
[2024.04.29-20.59.58:561][  0]LogD3D11RHI:      Driver Date: 9-12-2023
[2024.04.29-20.59.58:561][  0]LogRHI: Texture pool is 2811 MB (70% of 4017 MB)
[2024.04.29-20.59.58:561][  0]LogD3D11RHI: Creating D3DDevice using adapter:
[2024.04.29-20.59.58:561][  0]LogD3D11RHI:     Description : NVIDIA GeForce GTX 1050 Ti
[2024.04.29-20.59.58:561][  0]LogD3D11RHI:     VendorId    : 10de
[2024.04.29-20.59.58:561][  0]LogD3D11RHI:     DeviceId    : 1c82
[2024.04.29-20.59.58:561][  0]LogD3D11RHI:     SubSysId    : 8c961462
[2024.04.29-20.59.58:561][  0]LogD3D11RHI:     Revision    : 00a1
[2024.04.29-20.59.58:561][  0]LogD3D11RHI:     DedicatedVideoMemory : 4212129792 bytes
[2024.04.29-20.59.58:561][  0]LogD3D11RHI:     DedicatedSystemMemory : 0 bytes
[2024.04.29-20.59.58:561][  0]LogD3D11RHI:     SharedSystemMemory : 4262979584 bytes
[2024.04.29-20.59.58:561][  0]LogD3D11RHI:     AdapterLuid : 0 158977
[2024.04.29-20.59.58:669][  0]LogD3D11RHI: RHI has support for 64 bit atomics
[2024.04.29-20.59.58:670][  0]LogD3D11RHI: Async texture creation enabled
[2024.04.29-20.59.58:670][  0]LogD3D11RHI: Array index from any shader is supported
[2024.04.29-20.59.58:692][  0]LogD3D11RHI: GPU Timing Frequency: 1000.000000 (Debug: 2 1)
[2024.04.29-20.59.58:749][  0]LogRHI: GeForceNow SDK initialized: 1
[2024.04.29-20.59.59:088][  0]LogTargetPlatformManager: Display: Loaded TargetPlatform 'AllDesktop'
[2024.04.29-20.59.59:111][  0]LogTargetPlatformManager: Display: Loaded TargetPlatform 'Android'
[2024.04.29-20.59.59:111][  0]LogTargetPlatformManager: Display: Loaded TargetPlatform 'Android_ASTC'
[2024.04.29-20.59.59:111][  0]LogTargetPlatformManager: Display: Loaded TargetPlatform 'Android_DXT'
[2024.04.29-20.59.59:111][  0]LogTargetPlatformManager: Display: Loaded TargetPlatform 'Android_ETC2'
[2024.04.29-20.59.59:111][  0]LogTargetPlatformManager: Display: Loaded TargetPlatform 'AndroidClient'
[2024.04.29-20.59.59:111][  0]LogTargetPlatformManager: Display: Loaded TargetPlatform 'Android_ASTCClient'
[2024.04.29-20.59.59:111][  0]LogTargetPlatformManager: Display: Loaded TargetPlatform 'Android_DXTClient'
[2024.04.29-20.59.59:111][  0]LogTargetPlatformManager: Display: Loaded TargetPlatform 'Android_ETC2Client'
[2024.04.29-20.59.59:111][  0]LogTargetPlatformManager: Display: Loaded TargetPlatform 'Android_Multi'
[2024.04.29-20.59.59:111][  0]LogTargetPlatformManager: Display: Loaded TargetPlatform 'Android_MultiClient'
[2024.04.29-20.59.59:128][  0]LogTargetPlatformManager: Display: Loaded TargetPlatform 'IOSClient'
[2024.04.29-20.59.59:128][  0]LogTargetPlatformManager: Display: Loaded TargetPlatform 'IOS'
[2024.04.29-20.59.59:138][  0]LogTargetPlatformManager: Display: Loaded TargetPlatform 'Linux'
[2024.04.29-20.59.59:142][  0]LogTargetPlatformManager: Display: Loaded TargetPlatform 'LinuxNoEditor'
[2024.04.29-20.59.59:146][  0]LogTargetPlatformManager: Display: Loaded TargetPlatform 'LinuxClient'
[2024.04.29-20.59.59:151][  0]LogTargetPlatformManager: Display: Loaded TargetPlatform 'LinuxServer'
[2024.04.29-20.59.59:160][  0]LogTargetPlatformManager: Display: Loaded TargetPlatform 'LinuxAArch64NoEditor'
[2024.04.29-20.59.59:164][  0]LogTargetPlatformManager: Display: Loaded TargetPlatform 'LinuxAArch64Client'
[2024.04.29-20.59.59:168][  0]LogTargetPlatformManager: Display: Loaded TargetPlatform 'LinuxAArch64Server'
[2024.04.29-20.59.59:192][  0]LogTargetPlatformManager: Display: Loaded TargetPlatform 'Lumin'
[2024.04.29-20.59.59:192][  0]LogTargetPlatformManager: Display: Loaded TargetPlatform 'LuminClient'
[2024.04.29-20.59.59:201][  0]LogTargetPlatformManager: Display: Loaded TargetPlatform 'MacNoEditor'
[2024.04.29-20.59.59:205][  0]LogTargetPlatformManager: Display: Loaded TargetPlatform 'Mac'
[2024.04.29-20.59.59:210][  0]LogTargetPlatformManager: Display: Loaded TargetPlatform 'MacClient'
[2024.04.29-20.59.59:214][  0]LogTargetPlatformManager: Display: Loaded TargetPlatform 'MacServer'
[2024.04.29-20.59.59:224][  0]LogTargetPlatformManager: Display: Loaded TargetPlatform 'TVOSClient'
[2024.04.29-20.59.59:224][  0]LogTargetPlatformManager: Display: Loaded TargetPlatform 'TVOS'
[2024.04.29-20.59.59:233][  0]LogTargetPlatformManager: Display: Loaded TargetPlatform 'WindowsNoEditor'
[2024.04.29-20.59.59:237][  0]LogTargetPlatformManager: Display: Loaded TargetPlatform 'Windows'
[2024.04.29-20.59.59:242][  0]LogTargetPlatformManager: Display: Loaded TargetPlatform 'WindowsClient'
[2024.04.29-20.59.59:246][  0]LogTargetPlatformManager: Display: Loaded TargetPlatform 'WindowsServer'
[2024.04.29-20.59.59:246][  0]LogTargetPlatformManager: Display: Building Assets For Windows
[2024.04.29-20.59.59:253][  0]LogAudioDebug: Display: Lib vorbis DLL was dynamically loaded.
[2024.04.29-20.59.59:281][  0]LogTextureFormatOodle: Display: Oodle Texture 2.9.0 init RDO Off
[2024.04.29-20.59.59:313][  0]LogRendererCore: Ray tracing is disabled. Reason: r.RayTracing=0.
[2024.04.29-20.59.59:313][  0]LogShaderCompilers: Guid format shader working directory is 9 characters bigger than the processId version (../../../../../../Unreal Projects/EngGame/Intermediate/Shaders/WorkingDirectory/32/).
[2024.04.29-20.59.59:313][  0]LogShaderCompilers: Cleaned the shader compiler working directory 'C:/Users/Z0rr0X5/AppData/Local/Temp/UnrealShaderWorkingDir/2581EEC44A3E27A38D1A808A4B4D0ECA/'.
[2024.04.29-20.59.59:313][  0]LogXGEController: Cannot use XGE Controller as Incredibuild is not installed on this machine.
[2024.04.29-20.59.59:313][  0]LogShaderCompilers: Cannot use XGE Shader Compiler as Incredibuild is not installed on this machine.
[2024.04.29-20.59.59:313][  0]LogShaderCompilers: Display: Using Local Shader Compiler.
[2024.04.29-21.00.00:148][  0]LogDerivedDataCache: Display: Max Cache Size: 512 MB
[2024.04.29-21.00.00:210][  0]LogDerivedDataCache: Loaded boot cache 0.06s 94MB C:/Users/Z0rr0X5/AppData/Local/UnrealEngine/4.27/DerivedDataCache/Boot.ddc.
[2024.04.29-21.00.00:210][  0]LogDerivedDataCache: Display: Loaded Boot cache: C:/Users/Z0rr0X5/AppData/Local/UnrealEngine/4.27/DerivedDataCache/Boot.ddc
[2024.04.29-21.00.00:211][  0]LogDerivedDataCache: FDerivedDataBackendGraph:  Pak pak cache file ../../../../../../Unreal Projects/EngGame/DerivedDataCache/DDC.ddp not found, will not use a pak cache.
[2024.04.29-21.00.00:211][  0]LogDerivedDataCache: Unable to find inner node Pak for hierarchical cache Hierarchy.
[2024.04.29-21.00.00:211][  0]LogDerivedDataCache: FDerivedDataBackendGraph:  CompressedPak pak cache file ../../../../../../Unreal Projects/EngGame/DerivedDataCache/Compressed.ddp not found, will not use a pak cache.
[2024.04.29-21.00.00:211][  0]LogDerivedDataCache: Unable to find inner node CompressedPak for hierarchical cache Hierarchy.
[2024.04.29-21.00.00:229][  0]LogDerivedDataCache: Display: Pak cache opened for reading ../../../Engine/DerivedDataCache/Compressed.ddp.
[2024.04.29-21.00.00:229][  0]LogDerivedDataCache: FDerivedDataBackendGraph:  EnterprisePak pak cache file ../../../Enterprise/DerivedDataCache/Compressed.ddp not found, will not use a pak cache.
[2024.04.29-21.00.00:229][  0]LogDerivedDataCache: Unable to find inner node EnterprisePak for hierarchical cache Hierarchy.
[2024.04.29-21.00.00:238][  0]LogDerivedDataCache: Speed tests for C:/Users/Z0rr0X5/AppData/Local/UnrealEngine/Common/DerivedDataCache took 0.01 seconds
[2024.04.29-21.00.00:238][  0]LogDerivedDataCache: Display: Performance to C:/Users/Z0rr0X5/AppData/Local/UnrealEngine/Common/DerivedDataCache: Latency=0.07ms. RandomReadSpeed=926.81MBs, RandomWriteSpeed=141.39MBs. Assigned SpeedClass 'Local'
[2024.04.29-21.00.00:239][  0]LogDerivedDataCache: Using Local data cache path C:/Users/Z0rr0X5/AppData/Local/UnrealEngine/Common/DerivedDataCache: Writable
[2024.04.29-21.00.00:239][  0]LogDerivedDataCache: Shared data cache path not found in *engine.ini, will not use an Shared cache.
[2024.04.29-21.00.00:239][  0]LogDerivedDataCache: Unable to find inner node Shared for hierarchical cache Hierarchy.
[2024.04.29-21.00.00:289][  0]LogSlate: Using FreeType 2.10.0
[2024.04.29-21.00.00:290][  0]LogSlate: SlateFontServices - WITH_FREETYPE: 1, WITH_HARFBUZZ: 1
[2024.04.29-21.00.00:321][  0]LogAssetRegistry: FAssetRegistry took 0.0027 seconds to start up
[2024.04.29-21.00.00:571][  0]LogInit: Selected Device Profile: [Windows]
[2024.04.29-21.00.00:571][  0]LogInit: Active device profile: [000001EF40910F00][000001EF401B6880 49] Windows
[2024.04.29-21.00.00:571][  0]LogInit: Profiles: [000001EF40910F00][000001EF401B6880 49] Windows, [000001EF4089E400][000001EF401BA9C0 49] WindowsNoEditor, [000001EF40911F00][000001EF401BEB00 49] WindowsServer, [000001EF4089D800][000001EF401C6C80 49] WindowsClient, [000001EF40911200][000001EF401D2E00 49] IOS, [000001EF4089FA00][000001EF401DAF80 49] iPadAir, [000001EF40913300][000001EF3141F100 49] iPadAir2, [000001EF407E9300][000001EF314273C0 49] IPadPro, [000001EF407E9400][000001EF31423400 49] iPadAir3, [000001EF4089CB00][000001EF31437580 49] iPadAir4, [000001EF407EA100][000001EF3D8C9700 49] iPadMini2, [000001EF4089F400][000001EF3D8CD880 49] iPadMini3, [000001EF407EAC00][000001EF3D8D1A00 49] iPadMini4, [000001EF4089E600][000001EF3D8D5B80 49] iPadMini5, [000001EF40828E00][000001EF3D8DC2C0 49] iPhone6, [000001EF40828F00][000001EF3D8D8300 49] iPodTouch6, [000001EF40913700][000001EF3D8E45C0 49] iPhone7, [000001EF40912800][000001EF3D8E0600 49] iPodTouch7, [000001EF407E8C00][000001EF3D8E8780 49] iPhone5S, [000001EF40911700][000001EF3D8EC900 49] iPhone6Plus, [000001EF407EAA00][000001EF401C2A40 49] iPhone6S, [000001EF40911A00][000001EF3D8F0B80 49] iPhone6SPlus, [000001EF40828100][000001EF3D8F4CC0 49] iPhone7Plus, [000001EF407E9D00][000001EF3D8FCE40 49] iPhoneSE, [000001EF40828C00][000001EF3D900FC0 49] iPhone8, [000001EF407E8400][000001EF3D785140 49] iPhone8Plus, [000001EF4082AA00][000001EF3D7912C0 49] iPhoneX, [000001EF407EBC00][000001EF3D795440 49] iPhoneXS, [000001EF4082A900][000001EF3D7995C0 49] iPhoneXSMax, [000001EF407E8B00][000001EF3D7A1740 49] iPhoneXR, [000001EF40913800][000001EF414358C0 49] iPhone11, [000001EF407EBD00][000001EF41439A40 49] iPhone11Pro, [000001EF40911B00][000001EF414EDBC0 49] iPhone11ProMax, [000001EF407EA300][000001EF3D7A41C0 49] iPhoneSE2, [000001EF40911E00][000001EF3D7A8340 49] iPhone12Mini, [000001EF407EB000][000001EF416804C0 49] iPhone12, [000001EF40913400][000001EF41684640 49] iPhone12Pro, [000001EF407E8D00][000001EF416887C0 49] iPhone12ProMax, [000001EF40913C00][000001EF416B2940 49] iPadPro105, [000001EF407EB700][000001EF416BAAC0 49] iPadPro129, [000001EF40911800][000001EF3D8F8C00 49] iPadPro97, [000001EF407E8900][000001EF416FAD40 49] iPadPro2_129, [000001EF40910800][000001EF3D714E80 49] iPad5, [000001EF407E9000][000001EF3D820FC0 49] iPad6, [000001EF40913D00][000001EF3D829140 49] iPad7, [000001EF407EAB00][000001EF3D82D2C0 49] iPad8, [000001EF40913500][000001EF3D831440 49] iPadPro11, [000001EF407E9900][000001EF4136F5C0 49] iPadPro2_11, [000001EF40910900][000001EF41373740 49] iPadPro3_129, [000001EF407EA800][000001EF413778C0 49] iPadPro4_129, [000001EF40912E00][000001EF4137BA40 49] AppleTV, [000001EF407E9100][000001EF4142DBC0 49] AppleTV4K, [000001EF40910500][000001EF414301C0 49] TVOS, [000001EF407EBA00][000001EF3D738340 49] Mac, [000001EF40911100][000001EF3D7404C0 49] MacClient, [000001EF407E9800][000001EF3D9A8640 49] MacNoEditor, [000001EF40911600][000001EF3D9AC7C0 49] MacServer, [000001EF407EA700][000001EF3D9C0940 49] Linux, [000001EF40913200][000001EF3D9D0AC0 49] LinuxAArch64, [000001EF407E8300][000001EF414B6C40 49] LinuxNoEditor, [000001EF40913100][000001EF3D824D80 49] LinuxAArch64NoEditor, [000001EF407E9500][000001EF414C0EC0 49] LinuxClient, [000001EF40911000][000001EF414C5000 49] LinuxAArch64Client, [000001EF407EA600][000001EF414D7140 49] LinuxServer, [000001EF40911400][000001EF414DF2C0 49] LinuxAArch64Server, [000001EF407E9600][000001EF414E3440 49] Android, [000001EF40913A00][000001EF414E75C0 49] Android_Low, [000001EF407EA400][000001EF37C59740 49] Android_Mid, [000001EF40911D00][000001EF3FFDB8C0 49] Android_High, [000001EF407EA000][000001EF3FFDFA40 49] Android_Default, [000001EF40912B00][000001EF3FFF7BC0 49] Android_Adreno4xx, [000001EF407E8A00][000001EF37CCC1C0 49] Android_Adreno5xx_Low, [000001EF40913B00][000001EF41364340 49] Android_Adreno5xx, [000001EF407EAD00][000001EF413684C0 49] Android_Adreno6xx, [000001EF40910100][000001EF40002640 49] Android_Adreno6xx_Vulkan, [000001EF407EA200][000001EF4000A7C0 49] Android_Mali_T6xx, [000001EF40912D00][000001EF4000E940 49] Android_Mali_T7xx, [000001EF4089D400][000001EF40012AC0 49] Android_Mali_T8xx, [000001EF40828300][000001EF40020C40 49] Android_Mali_G71, [000001EF4089C600][000001EF40024DC0 49] Android_Mali_G72, [000001EF40828600][000001EF4155AF40 49] Android_Mali_G72_Vulkan, [000001EF4089D000][000001EF414DB080 49] Android_Mali_G76, [000001EF40828700][000001EF3D7191C0 49] Android_Mali_G76_Vulkan, [000001EF4089E000][000001EF3D71D300 49] Android_Mali_G77, [000001EF4082AF00][000001EF3D731480 49] Android_Mali_G77_Vulkan, [000001EF4089CE00][000001EF40007600 49] Android_Mali_G78, [000001EF4082B100][000001EF3D735780 49] Android_Mali_G78_Vulkan, [000001EF4089D900][000001EF41453900 49] Android_Mali_G710, [000001EF4082AC00][000001EF41457A80 49] Android_Mali_G710_Vulkan, [000001EF4089F600][000001EF4145BC00 49] Android_Vulkan_SM5, [000001EF4082B500][000001EF3D9B0200 49] Android_PowerVR_G6xxx, [000001EF4089DA00][000001EF3D9A4380 49] Android_PowerVR_GT7xxx, [000001EF40829D00][000001EF4002A500 49] Android_PowerVR_GE8xxx, [000001EF4089ED00][000001EF3D73C680 49] Android_PowerVR_GM9xxx, [000001EF40828800][000001EF416B6800 49] Android_PowerVR_GM9xxx_Vulkan, [000001EF4089F100][000001EF41360980 49] Android_TegraK1, [000001EF40829400][000001EF40016B00 49] Android_Unknown_Vulkan, [000001EF4089E300][000001EF4145EC80 49] Lumin, [000001EF4082BC00][000001EF41462E00 49] Lumin_Desktop, [000001EF4089EB00][000001EF41466F80 49] HoloLens, 
[2024.04.29-21.00.00:705][  0]LogMeshReduction: Using QuadricMeshReduction for automatic static mesh reduction
[2024.04.29-21.00.00:705][  0]LogMeshReduction: Using SimplygonMeshReduction for automatic skeletal mesh reduction
[2024.04.29-21.00.00:705][  0]LogMeshReduction: Using ProxyLODMeshReduction for automatic mesh merging
[2024.04.29-21.00.00:705][  0]LogMeshReduction: No distributed automatic mesh merging module available
[2024.04.29-21.00.00:705][  0]LogMeshMerging: No distributed automatic mesh merging module available
[2024.04.29-21.00.00:723][  0]LogNetVersion: EngGame 1.0.0, NetCL: 17155196, EngineNetVer: 17, GameNetVer: 0 (Checksum: 1196247811)
[2024.04.29-21.00.01:165][  0]LogTexture: Default maximum texture size for cubemaps generated from long-lat sources has been changed from 512 to unlimited. In order to preserve old behaiour for '/Engine/MapTemplates/Sky/DaylightAmbientCubemap.DaylightAmbientCubemap', its maximum texture size has been explicitly set to 512.
[2024.04.29-21.00.01:227][  0]LogHMD: PokeAHoleMaterial loaded successfully
[2024.04.29-21.00.01:233][  0]LogUObjectArray: 17178 objects as part of root set at end of initial load.
[2024.04.29-21.00.01:234][  0]LogUObjectAllocator: 4302048 out of 0 bytes used by permanent object pool.
[2024.04.29-21.00.01:234][  0]LogUObjectArray: CloseDisregardForGC: 0/0 objects in disregard for GC pool
[2024.04.29-21.00.01:499][  0]LogNiagaraDebuggerClient: Niagara Debugger Client Initialized | Session: E31C258F442BEFEA4E48518B5C7C65CC | Instance: C55AAB294A80909B1AAAF4BA3251B676 (MURLOC-32).
[2024.04.29-21.00.01:615][  0]LogTcpMessaging: Initializing TcpMessaging bridge
[2024.04.29-21.00.01:619][  0]LogUdpMessaging: Initializing bridge on interface 0.0.0.0:0 to multicast group 230.0.0.1:6666.
[2024.04.29-21.00.01:664][  0]LogPython: Using Python 3.7.7
[2024.04.29-21.00.02:324][  0]SourceControl: Source control is disabled
[2024.04.29-21.00.02:324][  0]SourceControl: Source control is disabled
[2024.04.29-21.00.02:327][  0]SourceControl: Source control is disabled
[2024.04.29-21.00.02:330][  0]SourceControl: Source control is disabled
[2024.04.29-21.00.02:339][  0]SourceControl: Source control is disabled
[2024.04.29-21.00.02:357][  0]LogUProjectInfo: Found projects:
[2024.04.29-21.00.02:467][  0]LogAndroidPermission: UAndroidPermissionCallbackProxy::GetInstance
[2024.04.29-21.00.02:489][  0]LogAudioCaptureCore: Display: No Audio Capture implementations found. Audio input will be silent.
[2024.04.29-21.00.02:489][  0]LogAudioCaptureCore: Display: No Audio Capture implementations found. Audio input will be silent.
[2024.04.29-21.00.02:727][  0]LogOpenImageDenoise: OIDN starting up
[2024.04.29-21.00.02:734][  0]LogCollectionManager: Loaded 0 collections in 0.000800 seconds
[2024.04.29-21.00.02:757][  0]LogFileCache: Scanning file cache for directory 'E:/Unreal Projects/EngGame/Saved/Collections/' took 0.00s
[2024.04.29-21.00.02:757][  0]LogFileCache: Scanning file cache for directory 'E:/Unreal Projects/EngGame/Content/Developers/Z0rr0X5/Collections/' took 0.00s
[2024.04.29-21.00.02:758][  0]LogFileCache: Scanning file cache for directory 'E:/Unreal Projects/EngGame/Content/Collections/' took 0.00s
[2024.04.29-21.00.02:758][  0]LogOcInput: OculusInput pre-init called
[2024.04.29-21.00.03:044][  0]LogEngine: Initializing Engine...
[2024.04.29-21.00.03:116][  0]LogHMD: Failed to enumerate extensions. Please check that you have a valid OpenXR runtime installed.
[2024.04.29-21.00.03:116][  0]LogHMD: Failed to initialize OpenVR with code 110
[2024.04.29-21.00.03:117][  0]LogMagicLeap: Warning: VR disabled because ZI is not enabled.  To enable, in the editor, Edit -> Project Settings -> Plugins -> Magic Leap Plugin -> Enable Zero Iteration
[2024.04.29-21.00.03:118][  0]LogStats: UGameplayTagsManager::InitializeManager -  0.000 s
[2024.04.29-21.00.03:274][  0]LogInit: Initializing FReadOnlyCVARCache
[2024.04.29-21.00.03:282][  0]LogAIModule: Creating AISystem for world Untitled
[2024.04.29-21.00.03:282][  0]LogAudio: Display: Initializing Audio Device Manager...
[2024.04.29-21.00.03:285][  0]LogAudio: Display: Loading Default Audio Settings Objects...
[2024.04.29-21.00.03:286][  0]LogAudio: Display: No default SoundConcurrencyObject specified (or failed to load).
[2024.04.29-21.00.03:286][  0]LogAudio: Display: Audio Device Manager Initialized
[2024.04.29-21.00.03:286][  0]LogAudio: Display: Creating Audio Device:                 Id: 1, Scope: Shared, Realtime: True
[2024.04.29-21.00.03:286][  0]LogAudioMixer: Display: Audio Mixer Platform Settings:
[2024.04.29-21.00.03:287][  0]LogAudioMixer: Display: 	Sample Rate:						  48000
[2024.04.29-21.00.03:287][  0]LogAudioMixer: Display: 	Callback Buffer Frame Size Requested: 1024
[2024.04.29-21.00.03:287][  0]LogAudioMixer: Display: 	Callback Buffer Frame Size To Use:	  1024
[2024.04.29-21.00.03:287][  0]LogAudioMixer: Display: 	Number of buffers to queue:			  2
[2024.04.29-21.00.03:287][  0]LogAudioMixer: Display: 	Max Channels (voices):				  32
[2024.04.29-21.00.03:287][  0]LogAudioMixer: Display: 	Number of Async Source Workers:		  0
[2024.04.29-21.00.03:287][  0]LogAudio: Display: AudioDevice MaxSources: 32
[2024.04.29-21.00.03:287][  0]LogAudio: Display: Audio Spatialization Plugin: None (built-in).
[2024.04.29-21.00.03:287][  0]LogAudio: Display: Audio Reverb Plugin: None (built-in).
[2024.04.29-21.00.03:287][  0]LogAudio: Display: Audio Occlusion Plugin: None (built-in).
[2024.04.29-21.00.03:287][  0]LogAudioMixer: Display: Initializing audio mixer.
[2024.04.29-21.00.03:303][  0]LogAudioMixer: Display: 0: FrontLeft
[2024.04.29-21.00.03:303][  0]LogAudioMixer: Display: 1: FrontRight
[2024.04.29-21.00.03:389][  0]LogAudioMixer: Display: Using Audio Device Speakers (Realtek High Definition Audio)
[2024.04.29-21.00.03:389][  0]LogAudioMixer: Display: Initializing Sound Submixes...
[2024.04.29-21.00.03:391][  0]LogAudioMixer: Display: Creating Master Submix 'MasterSubmixDefault'
[2024.04.29-21.00.03:391][  0]LogAudioMixer: Display: Creating Master Submix 'MasterReverbSubmixDefault'
[2024.04.29-21.00.03:393][  0]LogAudioMixer: Display: Creating Master Submix 'MasterEQSubmixDefault'
[2024.04.29-21.00.03:393][  0]LogAudioMixer: FMixerPlatformXAudio2::StartAudioStream() called
[2024.04.29-21.00.03:393][  0]LogAudioMixer: Display: Output buffers initialized: Frames=1024, Channels=2, Samples=2048
[2024.04.29-21.00.03:394][  0]LogAudioMixer: Display: Starting AudioMixerPlatformInterface::RunInternal()
[2024.04.29-21.00.03:394][  0]LogAudioMixer: Display: FMixerPlatformXAudio2::SubmitBuffer() called for the first time
[2024.04.29-21.00.03:394][  0]LogInit: FAudioDevice initialized.
[2024.04.29-21.00.03:394][  0]LogAudio: Display: Audio Device (ID: 1) registered with world 'Untitled'.
[2024.04.29-21.00.03:394][  0]LogNetVersion: Set ProjectVersion to 1.0.0.0. Version Checksum will be recalculated on next use.
[2024.04.29-21.00.03:471][  0]LogDerivedDataCache: Saved boot cache 0.08s 94MB C:/Users/Z0rr0X5/AppData/Local/UnrealEngine/4.27/DerivedDataCache/Boot.ddc.
[2024.04.29-21.00.03:475][  0]LogInit: Texture streaming: Enabled
[2024.04.29-21.00.03:485][  0]LogAnalytics: Display: [UEEditor.Rocket.Release] APIServer = https://datarouter.ol.epicgames.com/. AppVersion = 4.27.2-18319896+++UE4+Release-4.27
[2024.04.29-21.00.03:489][  0]LogEngineSessionManager: EngineSessionManager initialized
[2024.04.29-21.00.03:489][  0]LogEditorSessionSummary: Verbose: Initializing EditorSessionSummaryWriter for editor session tracking
[2024.04.29-21.00.03:491][  0]LogEditorSessionSummary: EditorSessionSummaryWriter initialized
[2024.04.29-21.00.03:515][  0]LogInit: Transaction tracking system initialized
[2024.04.29-21.00.03:535][  0]BlueprintLog: New page: Editor Load
[2024.04.29-21.00.03:590][  0]LocalizationService: Localization service is disabled
[2024.04.29-21.00.03:612][  0]TimingProfiler: Initialize
[2024.04.29-21.00.03:612][  0]TimingProfiler: OnSessionChanged
[2024.04.29-21.00.03:612][  0]LoadingProfiler: Initialize
[2024.04.29-21.00.03:612][  0]LoadingProfiler: OnSessionChanged
[2024.04.29-21.00.03:612][  0]NetworkingProfiler: Initialize
[2024.04.29-21.00.03:612][  0]NetworkingProfiler: OnSessionChanged
[2024.04.29-21.00.03:612][  0]MemoryProfiler: Initialize
[2024.04.29-21.00.03:612][  0]MemoryProfiler: OnSessionChanged
[2024.04.29-21.00.03:758][  0]LogCook: Display: CookSettings for Memory: MemoryMaxUsedVirtual 0MiB, MemoryMaxUsedPhysical 16384MiB, MemoryMinFreeVirtual 0MiB, MemoryMinFreePhysical 1024MiB
[2024.04.29-21.00.03:759][  0]LogCook: Display: Mobile HDR setting 1
[2024.04.29-21.00.03:930][  0]LogFileCache: Scanning file cache for directory 'E:/Unreal Projects/EngGame/Content/' took 0.01s
[2024.04.29-21.00.04:180][  0]LogInit: Display: Engine is initialized. Leaving FEngineLoop::Init()
[2024.04.29-21.00.04:183][  0]SourceControl: Source control is disabled
[2024.04.29-21.00.04:183][  0]LogUnrealEdMisc: Loading editor; pre map load, took 9.312
[2024.04.29-21.00.04:183][  0]Cmd: MAP LOAD FILE="../../../Engine/Content/Maps/Templates/Template_Default.umap" TEMPLATE=1 SHOWPROGRESS=1 FEATURELEVEL=3
[2024.04.29-21.00.04:184][  0]LightingResults: New page: Lighting Build
[2024.04.29-21.00.04:185][  0]LogWorld: UWorld::CleanupWorld for Untitled, bSessionEnded=true, bCleanupResources=true
[2024.04.29-21.00.04:185][  0]LogSlate: InvalidateAllWidgets triggered.  All widgets were invalidated
[2024.04.29-21.00.04:185][  0]MapCheck: New page: Map Check
[2024.04.29-21.00.04:185][  0]LightingResults: New page: Lighting Build
[2024.04.29-21.00.04:191][  0]LogAudio: Display: Audio Device unregistered from world 'None'.
[2024.04.29-21.00.04:194][  0]LogUObjectHash: Compacting FUObjectHashTables data took   0.81ms
[2024.04.29-21.00.04:258][  0]LogTexture: Display: Building textures: DeprecatedTextureEB9CBE3C423008B5E8E130901E171C89 (BGRA8, 128X128)
[2024.04.29-21.00.04:261][  0]LogAudio: Display: Audio Device (ID: 1) registered with world 'Untitled_1'.
[2024.04.29-21.00.04:262][  0]LogAIModule: Creating AISystem for world Untitled_1
[2024.04.29-21.00.04:267][  0]LogEditorServer: Finished looking for orphan Actors (0.000 secs)
[2024.04.29-21.00.04:275][  0]LogUObjectHash: Compacting FUObjectHashTables data took   0.86ms
[2024.04.29-21.00.04:275][  0]Cmd: MAP CHECKDEP NOCLEARLOG
[2024.04.29-21.00.04:275][  0]MapCheck: Map check complete: 0 Error(s), 0 Warning(s), took 0,135ms to complete.
[2024.04.29-21.00.04:275][  0]LogFileHelpers: Loading map 'Template_Default' took 0.093
[2024.04.29-21.00.04:277][  0]LogUnrealEdMisc: Total Editor Startup Time, took 9.407
[2024.04.29-21.00.04:459][  0]LogSlate: Updating window title bar state: overlay mode, drag disabled, window buttons hidden, title bar hidden
[2024.04.29-21.00.04:467][  0]LogSlate: Updating window title bar state: overlay mode, drag disabled, window buttons hidden, title bar hidden
[2024.04.29-21.00.04:474][  0]LogSlate: Updating window title bar state: overlay mode, drag disabled, window buttons hidden, title bar hidden
[2024.04.29-21.00.04:480][  0]LogSlate: Updating window title bar state: overlay mode, drag disabled, window buttons hidden, title bar hidden
[2024.04.29-21.00.04:530][  0]LogNativeClassHierarchy: Verbose: Native class hierarchy populated in 0.0112 seconds. Added 3822 classes and 928 folders.
[2024.04.29-21.00.04:541][  0]LogNativeClassHierarchy: Verbose: Native class hierarchy updated for 'WidgetCarousel' in 0.0003 seconds. Added 0 classes and 0 folders.
[2024.04.29-21.00.04:571][  0]LogPakFile: PakFile PrimaryIndexSize=187
[2024.04.29-21.00.04:572][  0]LogPakFile: PakFile PathHashIndexSize=101
[2024.04.29-21.00.04:572][  0]LogPakFile: PakFile FullDirectoryIndexSize=148
[2024.04.29-21.00.04:572][  0]LogShaderLibrary: Display: ShaderCodeLibraryPakFileMountedCallback: PakFile 'E:/Program Files/Epic Games/UE_4.27/FeaturePacks/FP_FirstPerson.upack' (chunk index -1, root 'root:/') mounted
[2024.04.29-21.00.04:572][  0]LogShaderLibrary: Display: ShaderCodeLibraryPakFileMountedCallback: pending pak file info (ChunkID:-1 Root:root:/ File:E:/Program Files/Epic Games/UE_4.27/FeaturePacks/FP_FirstPerson.upack)
[2024.04.29-21.00.04:572][  0]LogPakFile: OnPakFileMounted2Time == 0.000494
[2024.04.29-21.00.04:586][  0]LogPakFile: PakFile PrimaryIndexSize=189
[2024.04.29-21.00.04:586][  0]LogPakFile: PakFile PathHashIndexSize=101
[2024.04.29-21.00.04:586][  0]LogPakFile: PakFile FullDirectoryIndexSize=152
[2024.04.29-21.00.04:586][  0]LogShaderLibrary: Display: ShaderCodeLibraryPakFileMountedCallback: PakFile 'E:/Program Files/Epic Games/UE_4.27/FeaturePacks/FP_FirstPersonBP.upack' (chunk index -1, root 'root:/') mounted
[2024.04.29-21.00.04:586][  0]LogShaderLibrary: Display: ShaderCodeLibraryPakFileMountedCallback: pending pak file info (ChunkID:-1 Root:root:/ File:E:/Program Files/Epic Games/UE_4.27/FeaturePacks/FP_FirstPersonBP.upack)
[2024.04.29-21.00.04:586][  0]LogPakFile: OnPakFileMounted2Time == 0.000060
[2024.04.29-21.00.04:595][  0]LogPakFile: PakFile PrimaryIndexSize=191
[2024.04.29-21.00.04:595][  0]LogPakFile: PakFile PathHashIndexSize=101
[2024.04.29-21.00.04:595][  0]LogPakFile: PakFile FullDirectoryIndexSize=160
[2024.04.29-21.00.04:595][  0]LogShaderLibrary: Display: ShaderCodeLibraryPakFileMountedCallback: PakFile 'E:/Program Files/Epic Games/UE_4.27/FeaturePacks/MobileStarterContent.upack' (chunk index -1, root 'root:/') mounted
[2024.04.29-21.00.04:595][  0]LogShaderLibrary: Display: ShaderCodeLibraryPakFileMountedCallback: pending pak file info (ChunkID:-1 Root:root:/ File:E:/Program Files/Epic Games/UE_4.27/FeaturePacks/MobileStarterContent.upack)
[2024.04.29-21.00.04:595][  0]LogPakFile: OnPakFileMounted2Time == 0.000055
[2024.04.29-21.00.04:628][  0]LogPakFile: PakFile PrimaryIndexSize=185
[2024.04.29-21.00.04:628][  0]LogPakFile: PakFile PathHashIndexSize=101
[2024.04.29-21.00.04:628][  0]LogPakFile: PakFile FullDirectoryIndexSize=148
[2024.04.29-21.00.04:628][  0]LogShaderLibrary: Display: ShaderCodeLibraryPakFileMountedCallback: PakFile 'E:/Program Files/Epic Games/UE_4.27/FeaturePacks/StarterContent.upack' (chunk index -1, root 'root:/') mounted
[2024.04.29-21.00.04:628][  0]LogShaderLibrary: Display: ShaderCodeLibraryPakFileMountedCallback: pending pak file info (ChunkID:-1 Root:root:/ File:E:/Program Files/Epic Games/UE_4.27/FeaturePacks/StarterContent.upack)
[2024.04.29-21.00.04:628][  0]LogPakFile: OnPakFileMounted2Time == 0.000051
[2024.04.29-21.00.04:637][  0]LogPakFile: PakFile PrimaryIndexSize=190
[2024.04.29-21.00.04:637][  0]LogPakFile: PakFile PathHashIndexSize=101
[2024.04.29-21.00.04:637][  0]LogPakFile: PakFile FullDirectoryIndexSize=154
[2024.04.29-21.00.04:637][  0]LogShaderLibrary: Display: ShaderCodeLibraryPakFileMountedCallback: PakFile 'E:/Program Files/Epic Games/UE_4.27/FeaturePacks/TP_2DSideScroller.upack' (chunk index -1, root 'root:/') mounted
[2024.04.29-21.00.04:637][  0]LogShaderLibrary: Display: ShaderCodeLibraryPakFileMountedCallback: pending pak file info (ChunkID:-1 Root:root:/ File:E:/Program Files/Epic Games/UE_4.27/FeaturePacks/TP_2DSideScroller.upack)
[2024.04.29-21.00.04:637][  0]LogPakFile: OnPakFileMounted2Time == 0.000053
[2024.04.29-21.00.04:644][  0]LogPakFile: PakFile PrimaryIndexSize=192
[2024.04.29-21.00.04:644][  0]LogPakFile: PakFile PathHashIndexSize=101
[2024.04.29-21.00.04:644][  0]LogPakFile: PakFile FullDirectoryIndexSize=158
[2024.04.29-21.00.04:644][  0]LogShaderLibrary: Display: ShaderCodeLibraryPakFileMountedCallback: PakFile 'E:/Program Files/Epic Games/UE_4.27/FeaturePacks/TP_2DSideScrollerBP.upack' (chunk index -1, root 'root:/') mounted
[2024.04.29-21.00.04:644][  0]LogShaderLibrary: Display: ShaderCodeLibraryPakFileMountedCallback: pending pak file info (ChunkID:-1 Root:root:/ File:E:/Program Files/Epic Games/UE_4.27/FeaturePacks/TP_2DSideScrollerBP.upack)
[2024.04.29-21.00.04:644][  0]LogPakFile: OnPakFileMounted2Time == 0.000048
[2024.04.29-21.00.04:653][  0]LogPakFile: PakFile PrimaryIndexSize=182
[2024.04.29-21.00.04:653][  0]LogPakFile: PakFile PathHashIndexSize=101
[2024.04.29-21.00.04:653][  0]LogPakFile: PakFile FullDirectoryIndexSize=138
[2024.04.29-21.00.04:653][  0]LogShaderLibrary: Display: ShaderCodeLibraryPakFileMountedCallback: PakFile 'E:/Program Files/Epic Games/UE_4.27/FeaturePacks/TP_Flying.upack' (chunk index -1, root 'root:/') mounted
[2024.04.29-21.00.04:653][  0]LogShaderLibrary: Display: ShaderCodeLibraryPakFileMountedCallback: pending pak file info (ChunkID:-1 Root:root:/ File:E:/Program Files/Epic Games/UE_4.27/FeaturePacks/TP_Flying.upack)
[2024.04.29-21.00.04:653][  0]LogPakFile: OnPakFileMounted2Time == 0.000048
[2024.04.29-21.00.04:662][  0]LogPakFile: PakFile PrimaryIndexSize=184
[2024.04.29-21.00.04:662][  0]LogPakFile: PakFile PathHashIndexSize=101
[2024.04.29-21.00.04:662][  0]LogPakFile: PakFile FullDirectoryIndexSize=142
[2024.04.29-21.00.04:662][  0]LogShaderLibrary: Display: ShaderCodeLibraryPakFileMountedCallback: PakFile 'E:/Program Files/Epic Games/UE_4.27/FeaturePacks/TP_FlyingBP.upack' (chunk index -1, root 'root:/') mounted
[2024.04.29-21.00.04:662][  0]LogShaderLibrary: Display: ShaderCodeLibraryPakFileMountedCallback: pending pak file info (ChunkID:-1 Root:root:/ File:E:/Program Files/Epic Games/UE_4.27/FeaturePacks/TP_FlyingBP.upack)
[2024.04.29-21.00.04:662][  0]LogPakFile: OnPakFileMounted2Time == 0.000048
[2024.04.29-21.00.04:671][  0]LogPakFile: PakFile PrimaryIndexSize=188
[2024.04.29-21.00.04:671][  0]LogPakFile: PakFile PathHashIndexSize=101
[2024.04.29-21.00.04:671][  0]LogPakFile: PakFile FullDirectoryIndexSize=150
[2024.04.29-21.00.04:671][  0]LogShaderLibrary: Display: ShaderCodeLibraryPakFileMountedCallback: PakFile 'E:/Program Files/Epic Games/UE_4.27/FeaturePacks/TP_HandheldARBP.upack' (chunk index -1, root 'root:/') mounted
[2024.04.29-21.00.04:671][  0]LogShaderLibrary: Display: ShaderCodeLibraryPakFileMountedCallback: pending pak file info (ChunkID:-1 Root:root:/ File:E:/Program Files/Epic Games/UE_4.27/FeaturePacks/TP_HandheldARBP.upack)
[2024.04.29-21.00.04:671][  0]LogPakFile: OnPakFileMounted2Time == 0.000048
[2024.04.29-21.00.04:684][  0]LogPakFile: PakFile PrimaryIndexSize=182
[2024.04.29-21.00.04:684][  0]LogPakFile: PakFile PathHashIndexSize=101
[2024.04.29-21.00.04:684][  0]LogPakFile: PakFile FullDirectoryIndexSize=138
[2024.04.29-21.00.04:684][  0]LogShaderLibrary: Display: ShaderCodeLibraryPakFileMountedCallback: PakFile 'E:/Program Files/Epic Games/UE_4.27/FeaturePacks/TP_Puzzle.upack' (chunk index -1, root 'root:/') mounted
[2024.04.29-21.00.04:684][  0]LogShaderLibrary: Display: ShaderCodeLibraryPakFileMountedCallback: pending pak file info (ChunkID:-1 Root:root:/ File:E:/Program Files/Epic Games/UE_4.27/FeaturePacks/TP_Puzzle.upack)
[2024.04.29-21.00.04:684][  0]LogPakFile: OnPakFileMounted2Time == 0.000051
[2024.04.29-21.00.04:692][  0]LogPakFile: PakFile PrimaryIndexSize=184
[2024.04.29-21.00.04:692][  0]LogPakFile: PakFile PathHashIndexSize=101
[2024.04.29-21.00.04:692][  0]LogPakFile: PakFile FullDirectoryIndexSize=142
[2024.04.29-21.00.04:692][  0]LogShaderLibrary: Display: ShaderCodeLibraryPakFileMountedCallback: PakFile 'E:/Program Files/Epic Games/UE_4.27/FeaturePacks/TP_PuzzleBP.upack' (chunk index -1, root 'root:/') mounted
[2024.04.29-21.00.04:692][  0]LogShaderLibrary: Display: ShaderCodeLibraryPakFileMountedCallback: pending pak file info (ChunkID:-1 Root:root:/ File:E:/Program Files/Epic Games/UE_4.27/FeaturePacks/TP_PuzzleBP.upack)
[2024.04.29-21.00.04:692][  0]LogPakFile: OnPakFileMounted2Time == 0.000049
[2024.04.29-21.00.04:703][  0]LogPakFile: PakFile PrimaryIndexSize=183
[2024.04.29-21.00.04:703][  0]LogPakFile: PakFile PathHashIndexSize=101
[2024.04.29-21.00.04:703][  0]LogPakFile: PakFile FullDirectoryIndexSize=140
[2024.04.29-21.00.04:703][  0]LogShaderLibrary: Display: ShaderCodeLibraryPakFileMountedCallback: PakFile 'E:/Program Files/Epic Games/UE_4.27/FeaturePacks/TP_Rolling.upack' (chunk index -1, root 'root:/') mounted
[2024.04.29-21.00.04:703][  0]LogShaderLibrary: Display: ShaderCodeLibraryPakFileMountedCallback: pending pak file info (ChunkID:-1 Root:root:/ File:E:/Program Files/Epic Games/UE_4.27/FeaturePacks/TP_Rolling.upack)
[2024.04.29-21.00.04:703][  0]LogPakFile: OnPakFileMounted2Time == 0.000049
[2024.04.29-21.00.04:711][  0]LogPakFile: PakFile PrimaryIndexSize=185
[2024.04.29-21.00.04:712][  0]LogPakFile: PakFile PathHashIndexSize=101
[2024.04.29-21.00.04:712][  0]LogPakFile: PakFile FullDirectoryIndexSize=144
[2024.04.29-21.00.04:712][  0]LogShaderLibrary: Display: ShaderCodeLibraryPakFileMountedCallback: PakFile 'E:/Program Files/Epic Games/UE_4.27/FeaturePacks/TP_RollingBP.upack' (chunk index -1, root 'root:/') mounted
[2024.04.29-21.00.04:712][  0]LogShaderLibrary: Display: ShaderCodeLibraryPakFileMountedCallback: pending pak file info (ChunkID:-1 Root:root:/ File:E:/Program Files/Epic Games/UE_4.27/FeaturePacks/TP_RollingBP.upack)
[2024.04.29-21.00.04:712][  0]LogPakFile: OnPakFileMounted2Time == 0.000054
[2024.04.29-21.00.04:720][  0]LogPakFile: PakFile PrimaryIndexSize=188
[2024.04.29-21.00.04:720][  0]LogPakFile: PakFile PathHashIndexSize=101
[2024.04.29-21.00.04:720][  0]LogPakFile: PakFile FullDirectoryIndexSize=150
[2024.04.29-21.00.04:720][  0]LogShaderLibrary: Display: ShaderCodeLibraryPakFileMountedCallback: PakFile 'E:/Program Files/Epic Games/UE_4.27/FeaturePacks/TP_SideScroller.upack' (chunk index -1, root 'root:/') mounted
[2024.04.29-21.00.04:720][  0]LogShaderLibrary: Display: ShaderCodeLibraryPakFileMountedCallback: pending pak file info (ChunkID:-1 Root:root:/ File:E:/Program Files/Epic Games/UE_4.27/FeaturePacks/TP_SideScroller.upack)
[2024.04.29-21.00.04:720][  0]LogPakFile: OnPakFileMounted2Time == 0.000053
[2024.04.29-21.00.04:728][  0]LogPakFile: PakFile PrimaryIndexSize=190
[2024.04.29-21.00.04:728][  0]LogPakFile: PakFile PathHashIndexSize=101
[2024.04.29-21.00.04:728][  0]LogPakFile: PakFile FullDirectoryIndexSize=154
[2024.04.29-21.00.04:728][  0]LogShaderLibrary: Display: ShaderCodeLibraryPakFileMountedCallback: PakFile 'E:/Program Files/Epic Games/UE_4.27/FeaturePacks/TP_SideScrollerBP.upack' (chunk index -1, root 'root:/') mounted
[2024.04.29-21.00.04:728][  0]LogShaderLibrary: Display: ShaderCodeLibraryPakFileMountedCallback: pending pak file info (ChunkID:-1 Root:root:/ File:E:/Program Files/Epic Games/UE_4.27/FeaturePacks/TP_SideScrollerBP.upack)
[2024.04.29-21.00.04:728][  0]LogPakFile: OnPakFileMounted2Time == 0.000048
[2024.04.29-21.00.04:737][  0]LogPakFile: PakFile PrimaryIndexSize=187
[2024.04.29-21.00.04:737][  0]LogPakFile: PakFile PathHashIndexSize=101
[2024.04.29-21.00.04:737][  0]LogPakFile: PakFile FullDirectoryIndexSize=148
[2024.04.29-21.00.04:737][  0]LogShaderLibrary: Display: ShaderCodeLibraryPakFileMountedCallback: PakFile 'E:/Program Files/Epic Games/UE_4.27/FeaturePacks/TP_ThirdPerson.upack' (chunk index -1, root 'root:/') mounted
[2024.04.29-21.00.04:737][  0]LogShaderLibrary: Display: ShaderCodeLibraryPakFileMountedCallback: pending pak file info (ChunkID:-1 Root:root:/ File:E:/Program Files/Epic Games/UE_4.27/FeaturePacks/TP_ThirdPerson.upack)
[2024.04.29-21.00.04:737][  0]LogPakFile: OnPakFileMounted2Time == 0.000054
[2024.04.29-21.00.04:748][  0]LogPakFile: PakFile PrimaryIndexSize=189
[2024.04.29-21.00.04:748][  0]LogPakFile: PakFile PathHashIndexSize=101
[2024.04.29-21.00.04:748][  0]LogPakFile: PakFile FullDirectoryIndexSize=152
[2024.04.29-21.00.04:748][  0]LogShaderLibrary: Display: ShaderCodeLibraryPakFileMountedCallback: PakFile 'E:/Program Files/Epic Games/UE_4.27/FeaturePacks/TP_ThirdPersonBP.upack' (chunk index -1, root 'root:/') mounted
[2024.04.29-21.00.04:748][  0]LogShaderLibrary: Display: ShaderCodeLibraryPakFileMountedCallback: pending pak file info (ChunkID:-1 Root:root:/ File:E:/Program Files/Epic Games/UE_4.27/FeaturePacks/TP_ThirdPersonBP.upack)
[2024.04.29-21.00.04:748][  0]LogPakFile: OnPakFileMounted2Time == 0.000048
[2024.04.29-21.00.04:757][  0]LogPakFile: PakFile PrimaryIndexSize=183
[2024.04.29-21.00.04:757][  0]LogPakFile: PakFile PathHashIndexSize=101
[2024.04.29-21.00.04:757][  0]LogPakFile: PakFile FullDirectoryIndexSize=140
[2024.04.29-21.00.04:757][  0]LogShaderLibrary: Display: ShaderCodeLibraryPakFileMountedCallback: PakFile 'E:/Program Files/Epic Games/UE_4.27/FeaturePacks/TP_TopDown.upack' (chunk index -1, root 'root:/') mounted
[2024.04.29-21.00.04:757][  0]LogShaderLibrary: Display: ShaderCodeLibraryPakFileMountedCallback: pending pak file info (ChunkID:-1 Root:root:/ File:E:/Program Files/Epic Games/UE_4.27/FeaturePacks/TP_TopDown.upack)
[2024.04.29-21.00.04:757][  0]LogPakFile: OnPakFileMounted2Time == 0.000059
[2024.04.29-21.00.04:765][  0]LogPakFile: PakFile PrimaryIndexSize=185
[2024.04.29-21.00.04:765][  0]LogPakFile: PakFile PathHashIndexSize=101
[2024.04.29-21.00.04:765][  0]LogPakFile: PakFile FullDirectoryIndexSize=144
[2024.04.29-21.00.04:765][  0]LogShaderLibrary: Display: ShaderCodeLibraryPakFileMountedCallback: PakFile 'E:/Program Files/Epic Games/UE_4.27/FeaturePacks/TP_TopDownBP.upack' (chunk index -1, root 'root:/') mounted
[2024.04.29-21.00.04:765][  0]LogShaderLibrary: Display: ShaderCodeLibraryPakFileMountedCallback: pending pak file info (ChunkID:-1 Root:root:/ File:E:/Program Files/Epic Games/UE_4.27/FeaturePacks/TP_TopDownBP.upack)
[2024.04.29-21.00.04:765][  0]LogPakFile: OnPakFileMounted2Time == 0.000048
[2024.04.29-21.00.04:777][  0]LogPakFile: PakFile PrimaryIndexSize=185
[2024.04.29-21.00.04:777][  0]LogPakFile: PakFile PathHashIndexSize=101
[2024.04.29-21.00.04:777][  0]LogPakFile: PakFile FullDirectoryIndexSize=144
[2024.04.29-21.00.04:777][  0]LogShaderLibrary: Display: ShaderCodeLibraryPakFileMountedCallback: PakFile 'E:/Program Files/Epic Games/UE_4.27/FeaturePacks/TP_TwinStick.upack' (chunk index -1, root 'root:/') mounted
[2024.04.29-21.00.04:777][  0]LogShaderLibrary: Display: ShaderCodeLibraryPakFileMountedCallback: pending pak file info (ChunkID:-1 Root:root:/ File:E:/Program Files/Epic Games/UE_4.27/FeaturePacks/TP_TwinStick.upack)
[2024.04.29-21.00.04:777][  0]LogPakFile: OnPakFileMounted2Time == 0.000050
[2024.04.29-21.00.04:785][  0]LogPakFile: PakFile PrimaryIndexSize=187
[2024.04.29-21.00.04:785][  0]LogPakFile: PakFile PathHashIndexSize=101
[2024.04.29-21.00.04:785][  0]LogPakFile: PakFile FullDirectoryIndexSize=148
[2024.04.29-21.00.04:785][  0]LogShaderLibrary: Display: ShaderCodeLibraryPakFileMountedCallback: PakFile 'E:/Program Files/Epic Games/UE_4.27/FeaturePacks/TP_TwinStickBP.upack' (chunk index -1, root 'root:/') mounted
[2024.04.29-21.00.04:785][  0]LogShaderLibrary: Display: ShaderCodeLibraryPakFileMountedCallback: pending pak file info (ChunkID:-1 Root:root:/ File:E:/Program Files/Epic Games/UE_4.27/FeaturePacks/TP_TwinStickBP.upack)
[2024.04.29-21.00.04:785][  0]LogPakFile: OnPakFileMounted2Time == 0.000059
[2024.04.29-21.00.04:793][  0]LogPakFile: PakFile PrimaryIndexSize=183
[2024.04.29-21.00.04:793][  0]LogPakFile: PakFile PathHashIndexSize=101
[2024.04.29-21.00.04:793][  0]LogPakFile: PakFile FullDirectoryIndexSize=140
[2024.04.29-21.00.04:793][  0]LogShaderLibrary: Display: ShaderCodeLibraryPakFileMountedCallback: PakFile 'E:/Program Files/Epic Games/UE_4.27/FeaturePacks/TP_Vehicle.upack' (chunk index -1, root 'root:/') mounted
[2024.04.29-21.00.04:793][  0]LogShaderLibrary: Display: ShaderCodeLibraryPakFileMountedCallback: pending pak file info (ChunkID:-1 Root:root:/ File:E:/Program Files/Epic Games/UE_4.27/FeaturePacks/TP_Vehicle.upack)
[2024.04.29-21.00.04:793][  0]LogPakFile: OnPakFileMounted2Time == 0.000048
[2024.04.29-21.00.04:802][  0]LogPakFile: PakFile PrimaryIndexSize=186
[2024.04.29-21.00.04:802][  0]LogPakFile: PakFile PathHashIndexSize=101
[2024.04.29-21.00.04:802][  0]LogPakFile: PakFile FullDirectoryIndexSize=146
[2024.04.29-21.00.04:802][  0]LogShaderLibrary: Display: ShaderCodeLibraryPakFileMountedCallback: PakFile 'E:/Program Files/Epic Games/UE_4.27/FeaturePacks/TP_VehicleAdv.upack' (chunk index -1, root 'root:/') mounted
[2024.04.29-21.00.04:802][  0]LogShaderLibrary: Display: ShaderCodeLibraryPakFileMountedCallback: pending pak file info (ChunkID:-1 Root:root:/ File:E:/Program Files/Epic Games/UE_4.27/FeaturePacks/TP_VehicleAdv.upack)
[2024.04.29-21.00.04:802][  0]LogPakFile: OnPakFileMounted2Time == 0.000049
[2024.04.29-21.00.04:810][  0]LogPakFile: PakFile PrimaryIndexSize=188
[2024.04.29-21.00.04:810][  0]LogPakFile: PakFile PathHashIndexSize=101
[2024.04.29-21.00.04:810][  0]LogPakFile: PakFile FullDirectoryIndexSize=150
[2024.04.29-21.00.04:810][  0]LogShaderLibrary: Display: ShaderCodeLibraryPakFileMountedCallback: PakFile 'E:/Program Files/Epic Games/UE_4.27/FeaturePacks/TP_VehicleAdvBP.upack' (chunk index -1, root 'root:/') mounted
[2024.04.29-21.00.04:810][  0]LogShaderLibrary: Display: ShaderCodeLibraryPakFileMountedCallback: pending pak file info (ChunkID:-1 Root:root:/ File:E:/Program Files/Epic Games/UE_4.27/FeaturePacks/TP_VehicleAdvBP.upack)
[2024.04.29-21.00.04:810][  0]LogPakFile: OnPakFileMounted2Time == 0.000048
[2024.04.29-21.00.04:819][  0]LogPakFile: PakFile PrimaryIndexSize=185
[2024.04.29-21.00.04:819][  0]LogPakFile: PakFile PathHashIndexSize=101
[2024.04.29-21.00.04:819][  0]LogPakFile: PakFile FullDirectoryIndexSize=144
[2024.04.29-21.00.04:819][  0]LogShaderLibrary: Display: ShaderCodeLibraryPakFileMountedCallback: PakFile 'E:/Program Files/Epic Games/UE_4.27/FeaturePacks/TP_VehicleBP.upack' (chunk index -1, root 'root:/') mounted
[2024.04.29-21.00.04:819][  0]LogShaderLibrary: Display: ShaderCodeLibraryPakFileMountedCallback: pending pak file info (ChunkID:-1 Root:root:/ File:E:/Program Files/Epic Games/UE_4.27/FeaturePacks/TP_VehicleBP.upack)
[2024.04.29-21.00.04:819][  0]LogPakFile: OnPakFileMounted2Time == 0.000053
[2024.04.29-21.00.04:828][  0]LogPakFile: PakFile PrimaryIndexSize=192
[2024.04.29-21.00.04:828][  0]LogPakFile: PakFile PathHashIndexSize=101
[2024.04.29-21.00.04:828][  0]LogPakFile: PakFile FullDirectoryIndexSize=158
[2024.04.29-21.00.04:828][  0]LogShaderLibrary: Display: ShaderCodeLibraryPakFileMountedCallback: PakFile 'E:/Program Files/Epic Games/UE_4.27/FeaturePacks/TP_VirtualRealityBP.upack' (chunk index -1, root 'root:/') mounted
[2024.04.29-21.00.04:828][  0]LogShaderLibrary: Display: ShaderCodeLibraryPakFileMountedCallback: pending pak file info (ChunkID:-1 Root:root:/ File:E:/Program Files/Epic Games/UE_4.27/FeaturePacks/TP_VirtualRealityBP.upack)
[2024.04.29-21.00.04:828][  0]LogPakFile: OnPakFileMounted2Time == 0.000090
[2024.04.29-21.00.05:383][  0]LogNativeClassHierarchy: Verbose: Native class hierarchy updated for 'AddContentDialog' in 0.0003 seconds. Added 0 classes and 0 folders.
[2024.04.29-21.00.05:391][  0]LogNativeClassHierarchy: Verbose: Native class hierarchy updated for 'SceneOutliner' in 0.0003 seconds. Added 2 classes and 0 folders.
[2024.04.29-21.00.05:487][  0]LogSlate: Took 0.000193 seconds to synchronously load lazily loaded font '../../../Engine/Content/Slate/Fonts/Roboto-Regular.ttf' (155K)
[2024.04.29-21.00.05:495][  0]LogSlate: Took 0.007384 seconds to synchronously load lazily loaded font '../../../Engine/Content/Editor/Slate/Fonts/FontAwesome.ttf' (139K)
[2024.04.29-21.00.05:497][  0]LogSlate: Took 0.000150 seconds to synchronously load lazily loaded font '../../../Engine/Content/Slate/Fonts/Roboto-Bold.ttf' (160K)
[2024.04.29-21.00.05:711][  0]LogRenderer: Reallocating scene render targets to support 1296x620 Format 10 NumSamples 1 (Frame:1).
[2024.04.29-21.00.05:833][  0]LogNativeClassHierarchy: Verbose: Native class hierarchy updated for 'HierarchicalLODOutliner' in 0.0003 seconds. Added 0 classes and 0 folders.
[2024.04.29-21.00.05:833][  0]LogLoad: (Engine Initialization) Total time: 10.96 seconds
[2024.04.29-21.00.05:833][  0]LogLoad: (Engine Initialization) Total Blueprint compile time: 0.00 seconds
[2024.04.29-21.00.05:877][  0]LogAssetRegistry: Asset discovery search completed in 5.5581 seconds
[2024.04.29-21.00.05:883][  0]LogCollectionManager: Fixed up redirectors for 0 collections in 0.000004 seconds (updated 0 objects)
[2024.04.29-21.00.05:887][  0]LogContentStreaming: Texture pool size now 1000 MB
[2024.04.29-21.00.06:857][102]LogSlate: Took 0.007261 seconds to synchronously load lazily loaded font '../../../Engine/Content/Slate/Fonts/Roboto-Light.ttf' (167K)
[2024.04.29-21.00.20:690][689]LogUObjectHash: Compacting FUObjectHashTables data took   0.68ms
[2024.04.29-21.00.22:580][689]LogAssetEditorSubsystem: Opening Asset editor for World /Game/Maps/Printer.Printer
[2024.04.29-21.00.22:581][689]Cmd: MAP LOAD FILE="../../../../../../Unreal Projects/EngGame/Content/Maps/Printer.umap" TEMPLATE=0 SHOWPROGRESS=1 FEATURELEVEL=3
[2024.04.29-21.00.22:581][689]LightingResults: New page: Lighting Build
[2024.04.29-21.00.22:581][689]LoadErrors: New page: Loading map: Printer.umap
[2024.04.29-21.00.22:582][689]LogWorld: UWorld::CleanupWorld for Untitled_1, bSessionEnded=true, bCleanupResources=true
[2024.04.29-21.00.22:582][689]LogSlate: InvalidateAllWidgets triggered.  All widgets were invalidated
[2024.04.29-21.00.22:582][689]MapCheck: New page: Map Check
[2024.04.29-21.00.22:582][689]LightingResults: New page: Lighting Build
[2024.04.29-21.00.22:589][689]LogAudio: Display: Audio Device unregistered from world 'None'.
[2024.04.29-21.00.22:592][689]LogUObjectHash: Compacting FUObjectHashTables data took   0.96ms
[2024.04.29-21.00.22:593][689]LogAudio: Display: Audio Device (ID: 1) registered with world 'Printer'.
[2024.04.29-21.00.22:612][689]LogEditorServer: Finished looking for orphan Actors (0.000 secs)
[2024.04.29-21.00.22:612][689]LogAIModule: Creating AISystem for world Printer
[2024.04.29-21.00.22:621][689]LogUObjectHash: Compacting FUObjectHashTables data took   0.71ms
[2024.04.29-21.00.22:632][689]Cmd: MAP CHECKDEP NOCLEARLOG
[2024.04.29-21.00.22:632][689]MapCheck: Map check complete: 0 Error(s), 0 Warning(s), took 0,082ms to complete.
[2024.04.29-21.00.22:632][689]LogFileHelpers: Loading map 'Printer' took 0.052
[2024.04.29-21.00.24:164][862]LogUObjectHash: Compacting FUObjectHashTables data took   0.25ms
[2024.04.29-21.00.24:245][862]LogAssetEditorSubsystem: Opening Asset editor for World /Game/Maps/Construct.Construct
[2024.04.29-21.00.24:245][862]Cmd: MAP LOAD FILE="../../../../../../Unreal Projects/EngGame/Content/Maps/Construct.umap" TEMPLATE=0 SHOWPROGRESS=1 FEATURELEVEL=3
[2024.04.29-21.00.24:245][862]LightingResults: New page: Lighting Build
[2024.04.29-21.00.24:245][862]LoadErrors: New page: Loading map: Construct.umap
[2024.04.29-21.00.24:247][862]LogWorld: UWorld::CleanupWorld for Printer, bSessionEnded=true, bCleanupResources=true
[2024.04.29-21.00.24:247][862]LogSlate: InvalidateAllWidgets triggered.  All widgets were invalidated
[2024.04.29-21.00.24:247][862]MapCheck: New page: Map Check
[2024.04.29-21.00.24:247][862]LightingResults: New page: Lighting Build
[2024.04.29-21.00.24:254][862]LogAudio: Display: Audio Device unregistered from world 'None'.
[2024.04.29-21.00.24:256][862]LogUObjectHash: Compacting FUObjectHashTables data took   0.97ms
[2024.04.29-21.00.24:257][862]LogAudio: Display: Audio Device (ID: 1) registered with world 'Construct'.
[2024.04.29-21.00.24:266][862]LogEditorServer: Finished looking for orphan Actors (0.000 secs)
[2024.04.29-21.00.24:266][862]LogAIModule: Creating AISystem for world Construct
[2024.04.29-21.00.24:275][862]LogUObjectHash: Compacting FUObjectHashTables data took   0.69ms
[2024.04.29-21.00.24:286][862]Cmd: MAP CHECKDEP NOCLEARLOG
[2024.04.29-21.00.24:286][862]MapCheck: Map check complete: 0 Error(s), 0 Warning(s), took 0,09ms to complete.
[2024.04.29-21.00.24:286][862]LogFileHelpers: Loading map 'Construct' took 0.041
